2023-02-14 03:07:20,374 - INFO - APP STARTED
2023-02-14 03:07:20,375 - INFO - Stock screener call started.
2023-02-14 03:07:20,377 - DEBUG - Starting new HTTPS connection (1): financialmodelingprep.com:443
2023-02-14 03:07:20,798 - DEBUG - https://financialmodelingprep.com:443 "GET /api/v3/stock-screener?marketCapMoreThan=100000000&isActivelyTrading=true&sector=Technology&country=US&exchange=nasdaq&limit=10&apikey=0c89afe9fb5836a21528a34cf9f39e40 HTTP/1.1" 200 None
2023-02-14 03:07:20,801 - DEBUG - Starting new HTTPS connection (1): financialmodelingprep.com:443
2023-02-14 03:07:21,215 - DEBUG - https://financialmodelingprep.com:443 "GET /api/v3/stock-screener?marketCapMoreThan=100000000&sector=Communication+Services&isActivelyTrading=true&country=US&exchange=nasdaq&limit=10&apikey=0c89afe9fb5836a21528a34cf9f39e40 HTTP/1.1" 200 None
2023-02-14 03:07:21,217 - CRITICAL - list indices must be integers or slices, not str
2023-02-14 03:13:07,651 - INFO - APP STARTED
2023-02-14 03:13:07,652 - INFO - Stock screener call started.
2023-02-14 03:13:07,653 - DEBUG - Starting new HTTPS connection (1): financialmodelingprep.com:443
2023-02-14 03:13:08,068 - DEBUG - https://financialmodelingprep.com:443 "GET /api/v3/stock-screener?marketCapMoreThan=100000000&isActivelyTrading=true&sector=Technology&country=US&exchange=nasdaq&limit=10&apikey=0c89afe9fb5836a21528a34cf9f39e40 HTTP/1.1" 200 None
2023-02-14 03:13:08,070 - DEBUG - Starting new HTTPS connection (1): financialmodelingprep.com:443
2023-02-14 03:13:08,507 - DEBUG - https://financialmodelingprep.com:443 "GET /api/v3/stock-screener?marketCapMoreThan=100000000&sector=Communication+Services&isActivelyTrading=true&country=US&exchange=nasdaq&limit=10&apikey=0c89afe9fb5836a21528a34cf9f39e40 HTTP/1.1" 200 None
2023-02-14 03:13:08,509 - CRITICAL - list indices must be integers or slices, not str
2023-02-14 03:14:53,267 - INFO - APP STARTED
2023-02-14 03:14:53,267 - INFO - Stock screener call started.
2023-02-14 03:14:53,269 - DEBUG - Starting new HTTPS connection (1): financialmodelingprep.com:443
2023-02-14 03:14:53,702 - DEBUG - https://financialmodelingprep.com:443 "GET /api/v3/stock-screener?marketCapMoreThan=100000000&isActivelyTrading=true&sector=Technology&country=US&exchange=nasdaq&limit=10&apikey=0c89afe9fb5836a21528a34cf9f39e40 HTTP/1.1" 200 None
2023-02-14 03:14:53,705 - DEBUG - Starting new HTTPS connection (1): financialmodelingprep.com:443
2023-02-14 03:14:54,104 - DEBUG - https://financialmodelingprep.com:443 "GET /api/v3/stock-screener?marketCapMoreThan=100000000&sector=Communication+Services&isActivelyTrading=true&country=US&exchange=nasdaq&limit=10&apikey=0c89afe9fb5836a21528a34cf9f39e40 HTTP/1.1" 200 None
2023-02-14 03:14:54,106 - CRITICAL - list indices must be integers or slices, not str
2023-02-14 03:14:54,107 - CRITICAL - Traceback : n\ Traceback (most recent call last):
  File "c:\Users\Alexandre\GitHub\demo-super-data-explorer\app\app.py", line 30, in app
    tickers_list, filtered_screener = stock_screener_call(ROW_LIMIT)
  File "c:\Users\Alexandre\GitHub\demo-super-data-explorer\app\modules\extract_data\extract_data_m.py", line 62, in stock_screener_call
    if "Limit Reach" in tech_data["Error Message"]:
TypeError: list indices must be integers or slices, not str
 
2023-02-14 03:26:35,473 - INFO - APP STARTED
2023-02-14 03:26:35,473 - INFO - Stock screener call started.
2023-02-14 03:26:35,475 - DEBUG - Starting new HTTPS connection (1): financialmodelingprep.com:443
2023-02-14 03:26:35,903 - DEBUG - https://financialmodelingprep.com:443 "GET /api/v3/stock-screener?marketCapMoreThan=100000000&isActivelyTrading=true&sector=Technology&country=US&exchange=nasdaq&limit=10&apikey=0c89afe9fb5836a21528a34cf9f39e40 HTTP/1.1" 200 None
2023-02-14 03:26:35,906 - DEBUG - Starting new HTTPS connection (1): financialmodelingprep.com:443
2023-02-14 03:26:36,347 - DEBUG - https://financialmodelingprep.com:443 "GET /api/v3/stock-screener?marketCapMoreThan=100000000&sector=Communication+Services&isActivelyTrading=true&country=US&exchange=nasdaq&limit=10&apikey=0c89afe9fb5836a21528a34cf9f39e40 HTTP/1.1" 200 None
2023-02-14 03:26:36,349 - INFO - Adding full time employees started.
2023-02-14 03:26:36,350 - INFO - Stock screener call started.
2023-02-14 03:26:36,351 - DEBUG - Starting new HTTPS connection (1): financialmodelingprep.com:443
2023-02-14 03:26:36,759 - DEBUG - https://financialmodelingprep.com:443 "GET /api/v3/stock-screener?marketCapMoreThan=100000000&isActivelyTrading=true&sector=Technology&country=US&exchange=nasdaq&limit=50&apikey=0c89afe9fb5836a21528a34cf9f39e40 HTTP/1.1" 200 None
2023-02-14 03:26:36,762 - DEBUG - Starting new HTTPS connection (1): financialmodelingprep.com:443
2023-02-14 03:26:37,178 - DEBUG - https://financialmodelingprep.com:443 "GET /api/v3/stock-screener?marketCapMoreThan=100000000&sector=Communication+Services&isActivelyTrading=true&country=US&exchange=nasdaq&limit=50&apikey=0c89afe9fb5836a21528a34cf9f39e40 HTTP/1.1" 200 None
2023-02-14 03:26:37,182 - DEBUG - Starting new HTTPS connection (1): financialmodelingprep.com:443
2023-02-14 03:26:37,568 - DEBUG - https://financialmodelingprep.com:443 "GET /api/v3/profile/AAPL?apikey=0c89afe9fb5836a21528a34cf9f39e40 HTTP/1.1" 200 None
2023-02-14 03:26:37,569 - CRITICAL - list indices must be integers or slices, not str
2023-02-14 03:26:37,569 - CRITICAL - Traceback (most recent call last):
  File "c:\Users\Alexandre\GitHub\demo-super-data-explorer\app\app.py", line 31, in app
    added_fte = add_fte_call(tickers_list, filtered_screener)
  File "c:\Users\Alexandre\GitHub\demo-super-data-explorer\app\modules\extract_data\extract_data_m.py", line 110, in add_fte_call
    if "Limit Reach" in profile_response_dict["Error Message"]:
TypeError: list indices must be integers or slices, not str

2023-02-14 03:29:20,392 - INFO - APP STARTED
2023-02-14 03:29:20,393 - INFO - Stock screener call started.
2023-02-14 03:29:20,394 - DEBUG - Starting new HTTPS connection (1): financialmodelingprep.com:443
2023-02-14 03:29:20,854 - DEBUG - https://financialmodelingprep.com:443 "GET /api/v3/stock-screener?marketCapMoreThan=100000000&isActivelyTrading=true&sector=Technology&country=US&exchange=nasdaq&limit=2&apikey=0c89afe9fb5836a21528a34cf9f39e40 HTTP/1.1" 200 None
2023-02-14 03:29:20,857 - DEBUG - Starting new HTTPS connection (1): financialmodelingprep.com:443
2023-02-14 03:29:21,285 - DEBUG - https://financialmodelingprep.com:443 "GET /api/v3/stock-screener?marketCapMoreThan=100000000&sector=Communication+Services&isActivelyTrading=true&country=US&exchange=nasdaq&limit=2&apikey=0c89afe9fb5836a21528a34cf9f39e40 HTTP/1.1" 200 None
2023-02-14 03:29:21,287 - INFO - Adding full time employees started.
2023-02-14 03:29:21,287 - INFO - Stock screener call started.
2023-02-14 03:29:21,288 - DEBUG - Starting new HTTPS connection (1): financialmodelingprep.com:443
2023-02-14 03:29:21,712 - DEBUG - https://financialmodelingprep.com:443 "GET /api/v3/stock-screener?marketCapMoreThan=100000000&isActivelyTrading=true&sector=Technology&country=US&exchange=nasdaq&limit=50&apikey=0c89afe9fb5836a21528a34cf9f39e40 HTTP/1.1" 200 None
2023-02-14 03:29:21,714 - DEBUG - Starting new HTTPS connection (1): financialmodelingprep.com:443
2023-02-14 03:29:22,146 - DEBUG - https://financialmodelingprep.com:443 "GET /api/v3/stock-screener?marketCapMoreThan=100000000&sector=Communication+Services&isActivelyTrading=true&country=US&exchange=nasdaq&limit=50&apikey=0c89afe9fb5836a21528a34cf9f39e40 HTTP/1.1" 200 None
2023-02-14 03:29:22,150 - DEBUG - Starting new HTTPS connection (1): financialmodelingprep.com:443
2023-02-14 03:29:22,535 - DEBUG - https://financialmodelingprep.com:443 "GET /api/v3/profile/AAPL?apikey=0c89afe9fb5836a21528a34cf9f39e40 HTTP/1.1" 200 None
2023-02-14 03:29:22,536 - CRITICAL - list indices must be integers or slices, not str
2023-02-14 03:29:22,537 - CRITICAL - Traceback (most recent call last):
  File "c:\Users\Alexandre\GitHub\demo-super-data-explorer\app\app.py", line 31, in app
    added_fte = add_fte_call(tickers_list, filtered_screener)
  File "c:\Users\Alexandre\GitHub\demo-super-data-explorer\app\modules\extract_data\extract_data_m.py", line 111, in add_fte_call
    if "Limit Reach" in profile_response_dict["Error Message"]:
TypeError: list indices must be integers or slices, not str

2023-02-14 03:30:07,510 - INFO - APP STARTED
2023-02-14 03:30:07,511 - INFO - Stock screener call started.
2023-02-14 03:30:07,512 - DEBUG - Starting new HTTPS connection (1): financialmodelingprep.com:443
2023-02-14 03:30:07,909 - DEBUG - https://financialmodelingprep.com:443 "GET /api/v3/stock-screener?marketCapMoreThan=100000000&isActivelyTrading=true&sector=Technology&country=US&exchange=nasdaq&limit=2&apikey=0c89afe9fb5836a21528a34cf9f39e40 HTTP/1.1" 200 None
2023-02-14 03:30:07,912 - DEBUG - Starting new HTTPS connection (1): financialmodelingprep.com:443
2023-02-14 03:30:08,630 - DEBUG - https://financialmodelingprep.com:443 "GET /api/v3/stock-screener?marketCapMoreThan=100000000&sector=Communication+Services&isActivelyTrading=true&country=US&exchange=nasdaq&limit=2&apikey=0c89afe9fb5836a21528a34cf9f39e40 HTTP/1.1" 200 None
2023-02-14 03:30:08,632 - INFO - Adding full time employees started.
2023-02-14 03:30:08,632 - INFO - Stock screener call started.
2023-02-14 03:30:08,634 - DEBUG - Starting new HTTPS connection (1): financialmodelingprep.com:443
2023-02-14 03:30:09,083 - DEBUG - https://financialmodelingprep.com:443 "GET /api/v3/stock-screener?marketCapMoreThan=100000000&isActivelyTrading=true&sector=Technology&country=US&exchange=nasdaq&limit=50&apikey=0c89afe9fb5836a21528a34cf9f39e40 HTTP/1.1" 200 None
2023-02-14 03:30:09,086 - DEBUG - Starting new HTTPS connection (1): financialmodelingprep.com:443
2023-02-14 03:30:09,511 - DEBUG - https://financialmodelingprep.com:443 "GET /api/v3/stock-screener?marketCapMoreThan=100000000&sector=Communication+Services&isActivelyTrading=true&country=US&exchange=nasdaq&limit=50&apikey=0c89afe9fb5836a21528a34cf9f39e40 HTTP/1.1" 200 None
2023-02-14 03:30:09,515 - DEBUG - Starting new HTTPS connection (1): financialmodelingprep.com:443
2023-02-14 03:30:09,887 - DEBUG - https://financialmodelingprep.com:443 "GET /api/v3/profile/AAPL?apikey=0c89afe9fb5836a21528a34cf9f39e40 HTTP/1.1" 200 None
2023-02-14 03:30:09,888 - CRITICAL - list indices must be integers or slices, not str
2023-02-14 03:30:09,889 - CRITICAL - Traceback (most recent call last):
  File "c:\Users\Alexandre\GitHub\demo-super-data-explorer\app\app.py", line 31, in app
    added_fte = add_fte_call(tickers_list, filtered_screener)
  File "c:\Users\Alexandre\GitHub\demo-super-data-explorer\app\modules\extract_data\extract_data_m.py", line 111, in add_fte_call
    if "Limit Reach" in profile_response_dict["Error Message"]:
TypeError: list indices must be integers or slices, not str

2023-02-14 03:35:12,210 - INFO - APP STARTED
2023-02-14 03:35:12,210 - INFO - Stock screener call started.
2023-02-14 03:35:12,212 - DEBUG - Starting new HTTPS connection (1): financialmodelingprep.com:443
2023-02-14 03:35:12,671 - DEBUG - https://financialmodelingprep.com:443 "GET /api/v3/stock-screener?marketCapMoreThan=100000000&isActivelyTrading=true&sector=Technology&country=US&exchange=nasdaq&limit=10&apikey=0c89afe9fb5836a21528a34cf9f39e40 HTTP/1.1" 200 None
2023-02-14 03:35:12,673 - DEBUG - Starting new HTTPS connection (1): financialmodelingprep.com:443
2023-02-14 03:35:13,082 - DEBUG - https://financialmodelingprep.com:443 "GET /api/v3/stock-screener?marketCapMoreThan=100000000&sector=Communication+Services&isActivelyTrading=true&country=US&exchange=nasdaq&limit=10&apikey=0c89afe9fb5836a21528a34cf9f39e40 HTTP/1.1" 200 None
2023-02-14 03:35:13,084 - INFO - Adding full time employees started.
2023-02-14 03:35:13,084 - INFO - Stock screener call started.
2023-02-14 03:35:13,086 - DEBUG - Starting new HTTPS connection (1): financialmodelingprep.com:443
2023-02-14 03:35:13,505 - DEBUG - https://financialmodelingprep.com:443 "GET /api/v3/stock-screener?marketCapMoreThan=100000000&isActivelyTrading=true&sector=Technology&country=US&exchange=nasdaq&limit=50&apikey=0c89afe9fb5836a21528a34cf9f39e40 HTTP/1.1" 200 None
2023-02-14 03:35:13,508 - DEBUG - Starting new HTTPS connection (1): financialmodelingprep.com:443
2023-02-14 03:35:13,937 - DEBUG - https://financialmodelingprep.com:443 "GET /api/v3/stock-screener?marketCapMoreThan=100000000&sector=Communication+Services&isActivelyTrading=true&country=US&exchange=nasdaq&limit=50&apikey=0c89afe9fb5836a21528a34cf9f39e40 HTTP/1.1" 200 None
2023-02-14 03:35:13,941 - DEBUG - Starting new HTTPS connection (1): financialmodelingprep.com:443
2023-02-14 03:35:14,303 - DEBUG - https://financialmodelingprep.com:443 "GET /api/v3/profile/AAPL?apikey=0c89afe9fb5836a21528a34cf9f39e40 HTTP/1.1" 200 None
2023-02-14 03:35:14,306 - DEBUG - Starting new HTTPS connection (1): financialmodelingprep.com:443
2023-02-14 03:35:14,675 - DEBUG - https://financialmodelingprep.com:443 "GET /api/v3/profile/MSFT?apikey=0c89afe9fb5836a21528a34cf9f39e40 HTTP/1.1" 200 None
2023-02-14 03:35:14,677 - DEBUG - Starting new HTTPS connection (1): financialmodelingprep.com:443
2023-02-14 03:35:15,067 - DEBUG - https://financialmodelingprep.com:443 "GET /api/v3/profile/GOOG?apikey=0c89afe9fb5836a21528a34cf9f39e40 HTTP/1.1" 200 None
2023-02-14 03:35:15,069 - DEBUG - Starting new HTTPS connection (1): financialmodelingprep.com:443
2023-02-14 03:35:15,431 - DEBUG - https://financialmodelingprep.com:443 "GET /api/v3/profile/NVDA?apikey=0c89afe9fb5836a21528a34cf9f39e40 HTTP/1.1" 200 None
2023-02-14 03:35:15,434 - DEBUG - Starting new HTTPS connection (1): financialmodelingprep.com:443
2023-02-14 03:35:15,814 - DEBUG - https://financialmodelingprep.com:443 "GET /api/v3/profile/META?apikey=0c89afe9fb5836a21528a34cf9f39e40 HTTP/1.1" 200 None
2023-02-14 03:35:15,817 - DEBUG - Starting new HTTPS connection (1): financialmodelingprep.com:443
2023-02-14 03:35:16,218 - DEBUG - https://financialmodelingprep.com:443 "GET /api/v3/profile/AVGO?apikey=0c89afe9fb5836a21528a34cf9f39e40 HTTP/1.1" 200 None
2023-02-14 03:35:16,220 - DEBUG - Starting new HTTPS connection (1): financialmodelingprep.com:443
2023-02-14 03:35:16,581 - DEBUG - https://financialmodelingprep.com:443 "GET /api/v3/profile/CSCO?apikey=0c89afe9fb5836a21528a34cf9f39e40 HTTP/1.1" 200 None
2023-02-14 03:35:16,583 - DEBUG - Starting new HTTPS connection (1): financialmodelingprep.com:443
2023-02-14 03:35:16,955 - DEBUG - https://financialmodelingprep.com:443 "GET /api/v3/profile/TMUS?apikey=0c89afe9fb5836a21528a34cf9f39e40 HTTP/1.1" 200 None
2023-02-14 03:35:16,958 - DEBUG - Starting new HTTPS connection (1): financialmodelingprep.com:443
2023-02-14 03:35:17,370 - DEBUG - https://financialmodelingprep.com:443 "GET /api/v3/profile/ADBE?apikey=0c89afe9fb5836a21528a34cf9f39e40 HTTP/1.1" 200 None
2023-02-14 03:35:17,373 - DEBUG - Starting new HTTPS connection (1): financialmodelingprep.com:443
2023-02-14 03:35:17,767 - DEBUG - https://financialmodelingprep.com:443 "GET /api/v3/profile/CMCSA?apikey=0c89afe9fb5836a21528a34cf9f39e40 HTTP/1.1" 200 None
2023-02-14 03:35:17,770 - DEBUG - Starting new HTTPS connection (1): financialmodelingprep.com:443
2023-02-14 03:35:18,141 - DEBUG - https://financialmodelingprep.com:443 "GET /api/v3/profile/TXN?apikey=0c89afe9fb5836a21528a34cf9f39e40 HTTP/1.1" 200 None
2023-02-14 03:35:18,144 - DEBUG - Starting new HTTPS connection (1): financialmodelingprep.com:443
2023-02-14 03:35:18,531 - DEBUG - https://financialmodelingprep.com:443 "GET /api/v3/profile/NFLX?apikey=0c89afe9fb5836a21528a34cf9f39e40 HTTP/1.1" 200 None
2023-02-14 03:35:18,533 - DEBUG - Starting new HTTPS connection (1): financialmodelingprep.com:443
2023-02-14 03:35:18,914 - DEBUG - https://financialmodelingprep.com:443 "GET /api/v3/profile/QCOM?apikey=0c89afe9fb5836a21528a34cf9f39e40 HTTP/1.1" 200 None
2023-02-14 03:35:18,917 - DEBUG - Starting new HTTPS connection (1): financialmodelingprep.com:443
2023-02-14 03:35:19,288 - DEBUG - https://financialmodelingprep.com:443 "GET /api/v3/profile/AMD?apikey=0c89afe9fb5836a21528a34cf9f39e40 HTTP/1.1" 200 None
2023-02-14 03:35:19,291 - DEBUG - Starting new HTTPS connection (1): financialmodelingprep.com:443
2023-02-14 03:35:19,680 - DEBUG - https://financialmodelingprep.com:443 "GET /api/v3/profile/INTC?apikey=0c89afe9fb5836a21528a34cf9f39e40 HTTP/1.1" 200 None
2023-02-14 03:35:19,682 - DEBUG - Starting new HTTPS connection (1): financialmodelingprep.com:443
2023-02-14 03:35:20,033 - DEBUG - https://financialmodelingprep.com:443 "GET /api/v3/profile/INTU?apikey=0c89afe9fb5836a21528a34cf9f39e40 HTTP/1.1" 200 None
2023-02-14 03:35:20,035 - DEBUG - Starting new HTTPS connection (1): financialmodelingprep.com:443
2023-02-14 03:35:20,410 - DEBUG - https://financialmodelingprep.com:443 "GET /api/v3/profile/AMAT?apikey=0c89afe9fb5836a21528a34cf9f39e40 HTTP/1.1" 200 None
2023-02-14 03:35:20,412 - DEBUG - Starting new HTTPS connection (1): financialmodelingprep.com:443
2023-02-14 03:35:20,801 - DEBUG - https://financialmodelingprep.com:443 "GET /api/v3/profile/ADI?apikey=0c89afe9fb5836a21528a34cf9f39e40 HTTP/1.1" 200 None
2023-02-14 03:35:20,804 - DEBUG - Starting new HTTPS connection (1): financialmodelingprep.com:443
2023-02-14 03:35:21,162 - DEBUG - https://financialmodelingprep.com:443 "GET /api/v3/profile/FISV?apikey=0c89afe9fb5836a21528a34cf9f39e40 HTTP/1.1" 200 None
2023-02-14 03:35:21,164 - DEBUG - Starting new HTTPS connection (1): financialmodelingprep.com:443
2023-02-14 03:35:21,565 - DEBUG - https://financialmodelingprep.com:443 "GET /api/v3/profile/LRCX?apikey=0c89afe9fb5836a21528a34cf9f39e40 HTTP/1.1" 200 None
2023-02-14 03:35:21,567 - DEBUG - Starting new HTTPS connection (1): financialmodelingprep.com:443
2023-02-14 03:35:21,942 - DEBUG - https://financialmodelingprep.com:443 "GET /api/v3/profile/MU?apikey=0c89afe9fb5836a21528a34cf9f39e40 HTTP/1.1" 200 None
2023-02-14 03:35:21,945 - DEBUG - Starting new HTTPS connection (1): financialmodelingprep.com:443
2023-02-14 03:35:22,339 - DEBUG - https://financialmodelingprep.com:443 "GET /api/v3/profile/CHTR?apikey=0c89afe9fb5836a21528a34cf9f39e40 HTTP/1.1" 200 None
2023-02-14 03:35:22,342 - DEBUG - Starting new HTTPS connection (1): financialmodelingprep.com:443
2023-02-14 03:35:22,714 - DEBUG - https://financialmodelingprep.com:443 "GET /api/v3/profile/ATVI?apikey=0c89afe9fb5836a21528a34cf9f39e40 HTTP/1.1" 200 None
2023-02-14 03:35:22,717 - DEBUG - Starting new HTTPS connection (1): financialmodelingprep.com:443
2023-02-14 03:35:23,082 - DEBUG - https://financialmodelingprep.com:443 "GET /api/v3/profile/KLAC?apikey=0c89afe9fb5836a21528a34cf9f39e40 HTTP/1.1" 200 None
2023-02-14 03:35:23,085 - DEBUG - Starting new HTTPS connection (1): financialmodelingprep.com:443
2023-02-14 03:35:23,470 - DEBUG - https://financialmodelingprep.com:443 "GET /api/v3/profile/SNPS?apikey=0c89afe9fb5836a21528a34cf9f39e40 HTTP/1.1" 200 None
2023-02-14 03:35:23,473 - DEBUG - Starting new HTTPS connection (1): financialmodelingprep.com:443
2023-02-14 03:35:23,848 - DEBUG - https://financialmodelingprep.com:443 "GET /api/v3/profile/CDNS?apikey=0c89afe9fb5836a21528a34cf9f39e40 HTTP/1.1" 200 None
2023-02-14 03:35:23,851 - DEBUG - Starting new HTTPS connection (1): financialmodelingprep.com:443
2023-02-14 03:35:24,268 - DEBUG - https://financialmodelingprep.com:443 "GET /api/v3/profile/PANW?apikey=0c89afe9fb5836a21528a34cf9f39e40 HTTP/1.1" 200 None
2023-02-14 03:35:24,270 - DEBUG - Starting new HTTPS connection (1): financialmodelingprep.com:443
2023-02-14 03:35:24,631 - DEBUG - https://financialmodelingprep.com:443 "GET /api/v3/profile/WDAY?apikey=0c89afe9fb5836a21528a34cf9f39e40 HTTP/1.1" 200 None
2023-02-14 03:35:24,634 - DEBUG - Starting new HTTPS connection (1): financialmodelingprep.com:443
2023-02-14 03:35:24,983 - DEBUG - https://financialmodelingprep.com:443 "GET /api/v3/profile/ADSK?apikey=0c89afe9fb5836a21528a34cf9f39e40 HTTP/1.1" 200 None
2023-02-14 03:35:24,986 - DEBUG - Starting new HTTPS connection (1): financialmodelingprep.com:443
2023-02-14 03:35:25,371 - DEBUG - https://financialmodelingprep.com:443 "GET /api/v3/profile/FTNT?apikey=0c89afe9fb5836a21528a34cf9f39e40 HTTP/1.1" 200 None
2023-02-14 03:35:25,373 - DEBUG - Starting new HTTPS connection (1): financialmodelingprep.com:443
2023-02-14 03:35:25,751 - DEBUG - https://financialmodelingprep.com:443 "GET /api/v3/profile/MCHP?apikey=0c89afe9fb5836a21528a34cf9f39e40 HTTP/1.1" 200 None
2023-02-14 03:35:25,753 - DEBUG - Starting new HTTPS connection (1): financialmodelingprep.com:443
2023-02-14 03:35:26,151 - DEBUG - https://financialmodelingprep.com:443 "GET /api/v3/profile/MRVL?apikey=0c89afe9fb5836a21528a34cf9f39e40 HTTP/1.1" 200 None
2023-02-14 03:35:26,153 - DEBUG - Starting new HTTPS connection (1): financialmodelingprep.com:443
2023-02-14 03:35:26,523 - DEBUG - https://financialmodelingprep.com:443 "GET /api/v3/profile/ON?apikey=0c89afe9fb5836a21528a34cf9f39e40 HTTP/1.1" 200 None
2023-02-14 03:35:26,526 - DEBUG - Starting new HTTPS connection (1): financialmodelingprep.com:443
2023-02-14 03:35:27,419 - DEBUG - https://financialmodelingprep.com:443 "GET /api/v3/profile/WBD?apikey=0c89afe9fb5836a21528a34cf9f39e40 HTTP/1.1" 200 None
2023-02-14 03:35:27,421 - DEBUG - Starting new HTTPS connection (1): financialmodelingprep.com:443
2023-02-14 03:35:27,805 - DEBUG - https://financialmodelingprep.com:443 "GET /api/v3/profile/GFS?apikey=0c89afe9fb5836a21528a34cf9f39e40 HTTP/1.1" 200 None
2023-02-14 03:35:27,807 - DEBUG - Starting new HTTPS connection (1): financialmodelingprep.com:443
2023-02-14 03:35:28,184 - DEBUG - https://financialmodelingprep.com:443 "GET /api/v3/profile/CTSH?apikey=0c89afe9fb5836a21528a34cf9f39e40 HTTP/1.1" 200 None
2023-02-14 03:35:28,187 - DEBUG - Starting new HTTPS connection (1): financialmodelingprep.com:443
2023-02-14 03:35:28,571 - DEBUG - https://financialmodelingprep.com:443 "GET /api/v3/profile/EA?apikey=0c89afe9fb5836a21528a34cf9f39e40 HTTP/1.1" 200 None
2023-02-14 03:35:28,573 - DEBUG - Starting new HTTPS connection (1): financialmodelingprep.com:443
2023-02-14 03:35:28,947 - DEBUG - https://financialmodelingprep.com:443 "GET /api/v3/profile/ENPH?apikey=0c89afe9fb5836a21528a34cf9f39e40 HTTP/1.1" 200 None
2023-02-14 03:35:28,949 - DEBUG - Starting new HTTPS connection (1): financialmodelingprep.com:443
2023-02-14 03:35:29,314 - DEBUG - https://financialmodelingprep.com:443 "GET /api/v3/profile/CDW?apikey=0c89afe9fb5836a21528a34cf9f39e40 HTTP/1.1" 200 None
2023-02-14 03:35:29,317 - DEBUG - Starting new HTTPS connection (1): financialmodelingprep.com:443
2023-02-14 03:35:29,699 - DEBUG - https://financialmodelingprep.com:443 "GET /api/v3/profile/CRWD?apikey=0c89afe9fb5836a21528a34cf9f39e40 HTTP/1.1" 200 None
2023-02-14 03:35:29,702 - DEBUG - Starting new HTTPS connection (1): financialmodelingprep.com:443
2023-02-14 03:35:30,070 - DEBUG - https://financialmodelingprep.com:443 "GET /api/v3/profile/DDOG?apikey=0c89afe9fb5836a21528a34cf9f39e40 HTTP/1.1" 200 None
2023-02-14 03:35:30,072 - DEBUG - Starting new HTTPS connection (1): financialmodelingprep.com:443
2023-02-14 03:35:30,455 - DEBUG - https://financialmodelingprep.com:443 "GET /api/v3/profile/IIVIP?apikey=0c89afe9fb5836a21528a34cf9f39e40 HTTP/1.1" 200 None
2023-02-14 03:35:30,457 - DEBUG - Starting new HTTPS connection (1): financialmodelingprep.com:443
2023-02-14 03:35:30,830 - DEBUG - https://financialmodelingprep.com:443 "GET /api/v3/profile/TTD?apikey=0c89afe9fb5836a21528a34cf9f39e40 HTTP/1.1" 200 None
2023-02-14 03:35:30,833 - DEBUG - Starting new HTTPS connection (1): financialmodelingprep.com:443
2023-02-14 03:35:31,215 - DEBUG - https://financialmodelingprep.com:443 "GET /api/v3/profile/ANSS?apikey=0c89afe9fb5836a21528a34cf9f39e40 HTTP/1.1" 200 None
2023-02-14 03:35:31,218 - DEBUG - Starting new HTTPS connection (1): financialmodelingprep.com:443
2023-02-14 03:35:31,599 - DEBUG - https://financialmodelingprep.com:443 "GET /api/v3/profile/MPWR?apikey=0c89afe9fb5836a21528a34cf9f39e40 HTTP/1.1" 200 None
2023-02-14 03:35:31,602 - DEBUG - Starting new HTTPS connection (1): financialmodelingprep.com:443
2023-02-14 03:35:31,987 - DEBUG - https://financialmodelingprep.com:443 "GET /api/v3/profile/VRSN?apikey=0c89afe9fb5836a21528a34cf9f39e40 HTTP/1.1" 200 None
2023-02-14 03:35:31,990 - DEBUG - Starting new HTTPS connection (1): financialmodelingprep.com:443
2023-02-14 03:35:32,387 - DEBUG - https://financialmodelingprep.com:443 "GET /api/v3/profile/ZM?apikey=0c89afe9fb5836a21528a34cf9f39e40 HTTP/1.1" 200 None
2023-02-14 03:35:32,390 - DEBUG - Starting new HTTPS connection (1): financialmodelingprep.com:443
2023-02-14 03:35:32,771 - DEBUG - https://financialmodelingprep.com:443 "GET /api/v3/profile/PARAP?apikey=0c89afe9fb5836a21528a34cf9f39e40 HTTP/1.1" 200 None
2023-02-14 03:35:32,773 - DEBUG - Starting new HTTPS connection (1): financialmodelingprep.com:443
2023-02-14 03:35:33,146 - DEBUG - https://financialmodelingprep.com:443 "GET /api/v3/profile/ZS?apikey=0c89afe9fb5836a21528a34cf9f39e40 HTTP/1.1" 200 None
2023-02-14 03:35:33,149 - DEBUG - Starting new HTTPS connection (1): financialmodelingprep.com:443
2023-02-14 03:35:33,518 - DEBUG - https://financialmodelingprep.com:443 "GET /api/v3/profile/SWKS?apikey=0c89afe9fb5836a21528a34cf9f39e40 HTTP/1.1" 200 None
2023-02-14 03:35:33,519 - INFO - Adding yesterday's twitter social sentiment started.
2023-02-14 03:35:33,521 - DEBUG - Starting new HTTPS connection (1): finnhub.io:443
2023-02-14 03:35:33,703 - DEBUG - https://finnhub.io:443 "GET /api/v1/stock/social-sentiment?symbol=AAPL&token=cf5u6baad3i9lmcgmv3gcf5u6baad3i9lmcgmv40&from=2023-02-13&to=2023-02-14 HTTP/1.1" 200 None
2023-02-14 03:35:33,706 - DEBUG - Starting new HTTPS connection (1): finnhub.io:443
2023-02-14 03:35:33,858 - DEBUG - https://finnhub.io:443 "GET /api/v1/stock/social-sentiment?symbol=MSFT&token=cf5u6baad3i9lmcgmv3gcf5u6baad3i9lmcgmv40&from=2023-02-13&to=2023-02-14 HTTP/1.1" 200 None
2023-02-14 03:35:33,861 - DEBUG - Starting new HTTPS connection (1): finnhub.io:443
2023-02-14 03:35:34,021 - DEBUG - https://finnhub.io:443 "GET /api/v1/stock/social-sentiment?symbol=GOOG&token=cf5u6baad3i9lmcgmv3gcf5u6baad3i9lmcgmv40&from=2023-02-13&to=2023-02-14 HTTP/1.1" 200 None
2023-02-14 03:35:34,024 - DEBUG - Starting new HTTPS connection (1): finnhub.io:443
2023-02-14 03:35:34,177 - DEBUG - https://finnhub.io:443 "GET /api/v1/stock/social-sentiment?symbol=NVDA&token=cf5u6baad3i9lmcgmv3gcf5u6baad3i9lmcgmv40&from=2023-02-13&to=2023-02-14 HTTP/1.1" 200 None
2023-02-14 03:35:34,180 - DEBUG - Starting new HTTPS connection (1): finnhub.io:443
2023-02-14 03:35:34,318 - DEBUG - https://finnhub.io:443 "GET /api/v1/stock/social-sentiment?symbol=META&token=cf5u6baad3i9lmcgmv3gcf5u6baad3i9lmcgmv40&from=2023-02-13&to=2023-02-14 HTTP/1.1" 200 None
2023-02-14 03:35:34,322 - DEBUG - Starting new HTTPS connection (1): finnhub.io:443
2023-02-14 03:35:34,467 - DEBUG - https://finnhub.io:443 "GET /api/v1/stock/social-sentiment?symbol=AVGO&token=cf5u6baad3i9lmcgmv3gcf5u6baad3i9lmcgmv40&from=2023-02-13&to=2023-02-14 HTTP/1.1" 200 None
2023-02-14 03:35:34,470 - DEBUG - Starting new HTTPS connection (1): finnhub.io:443
2023-02-14 03:35:34,637 - DEBUG - https://finnhub.io:443 "GET /api/v1/stock/social-sentiment?symbol=CSCO&token=cf5u6baad3i9lmcgmv3gcf5u6baad3i9lmcgmv40&from=2023-02-13&to=2023-02-14 HTTP/1.1" 200 None
2023-02-14 03:35:34,640 - DEBUG - Starting new HTTPS connection (1): finnhub.io:443
2023-02-14 03:35:34,785 - DEBUG - https://finnhub.io:443 "GET /api/v1/stock/social-sentiment?symbol=TMUS&token=cf5u6baad3i9lmcgmv3gcf5u6baad3i9lmcgmv40&from=2023-02-13&to=2023-02-14 HTTP/1.1" 200 None
2023-02-14 03:35:34,788 - DEBUG - Starting new HTTPS connection (1): finnhub.io:443
2023-02-14 03:35:34,942 - DEBUG - https://finnhub.io:443 "GET /api/v1/stock/social-sentiment?symbol=ADBE&token=cf5u6baad3i9lmcgmv3gcf5u6baad3i9lmcgmv40&from=2023-02-13&to=2023-02-14 HTTP/1.1" 200 None
2023-02-14 03:35:34,944 - DEBUG - Starting new HTTPS connection (1): finnhub.io:443
2023-02-14 03:35:35,136 - DEBUG - https://finnhub.io:443 "GET /api/v1/stock/social-sentiment?symbol=CMCSA&token=cf5u6baad3i9lmcgmv3gcf5u6baad3i9lmcgmv40&from=2023-02-13&to=2023-02-14 HTTP/1.1" 200 None
2023-02-14 03:35:35,138 - CRITICAL - list index out of range
2023-02-14 03:35:35,139 - CRITICAL - Traceback (most recent call last):
  File "c:\Users\Alexandre\GitHub\demo-super-data-explorer\app\app.py", line 32, in app
    final_data = add_yest_soc_sent(added_fte, tickers_list)
  File "c:\Users\Alexandre\GitHub\demo-super-data-explorer\app\modules\extract_data\extract_data_m.py", line 183, in add_yest_soc_sent
    added_fte[i].update(d_list_sentiment[i])
IndexError: list index out of range

2023-02-14 03:38:27,459 - INFO - APP STARTED
2023-02-14 03:38:27,459 - CRITICAL - name 'tickers_list' is not defined
2023-02-14 03:38:27,459 - CRITICAL - Traceback (most recent call last):
  File "c:\Users\Alexandre\GitHub\demo-super-data-explorer\app\app.py", line 31, in app
    added_fte = add_fte_call(tickers_list, filtered_screener)
NameError: name 'tickers_list' is not defined

2023-02-14 03:45:14,939 - INFO - APP STARTED
2023-02-14 03:45:14,940 - INFO - Stock screener call started.
2023-02-14 03:45:14,941 - DEBUG - Starting new HTTPS connection (1): financialmodelingprep.com:443
2023-02-14 03:45:15,368 - DEBUG - https://financialmodelingprep.com:443 "GET /api/v3/stock-screener?marketCapMoreThan=100000000&isActivelyTrading=true&sector=Technology&country=US&exchange=nasdaq&limit=2&apikey=0c89afe9fb5836a21528a34cf9f39e40 HTTP/1.1" 200 None
2023-02-14 03:45:15,371 - DEBUG - Starting new HTTPS connection (1): financialmodelingprep.com:443
2023-02-14 03:45:16,197 - DEBUG - https://financialmodelingprep.com:443 "GET /api/v3/stock-screener?marketCapMoreThan=100000000&sector=Communication+Services&isActivelyTrading=true&country=US&exchange=nasdaq&limit=2&apikey=0c89afe9fb5836a21528a34cf9f39e40 HTTP/1.1" 200 None
2023-02-14 03:45:16,199 - INFO - Adding full time employees started.
2023-02-14 03:45:16,199 - INFO - Stock screener call started.
2023-02-14 03:45:16,201 - DEBUG - Starting new HTTPS connection (1): financialmodelingprep.com:443
2023-02-14 03:45:16,628 - DEBUG - https://financialmodelingprep.com:443 "GET /api/v3/stock-screener?marketCapMoreThan=100000000&isActivelyTrading=true&sector=Technology&country=US&exchange=nasdaq&limit=50&apikey=0c89afe9fb5836a21528a34cf9f39e40 HTTP/1.1" 200 None
2023-02-14 03:45:16,631 - DEBUG - Starting new HTTPS connection (1): financialmodelingprep.com:443
2023-02-14 03:45:17,021 - DEBUG - https://financialmodelingprep.com:443 "GET /api/v3/stock-screener?marketCapMoreThan=100000000&sector=Communication+Services&isActivelyTrading=true&country=US&exchange=nasdaq&limit=50&apikey=0c89afe9fb5836a21528a34cf9f39e40 HTTP/1.1" 200 None
2023-02-14 03:45:17,025 - DEBUG - Starting new HTTPS connection (1): financialmodelingprep.com:443
2023-02-14 03:45:17,396 - DEBUG - https://financialmodelingprep.com:443 "GET /api/v3/profile/AAPL?apikey=0c89afe9fb5836a21528a34cf9f39e40 HTTP/1.1" 200 None
2023-02-14 03:45:17,398 - DEBUG - Starting new HTTPS connection (1): financialmodelingprep.com:443
2023-02-14 03:45:17,900 - DEBUG - https://financialmodelingprep.com:443 "GET /api/v3/profile/MSFT?apikey=0c89afe9fb5836a21528a34cf9f39e40 HTTP/1.1" 200 None
2023-02-14 03:45:17,903 - DEBUG - Starting new HTTPS connection (1): financialmodelingprep.com:443
2023-02-14 03:45:18,304 - DEBUG - https://financialmodelingprep.com:443 "GET /api/v3/profile/GOOG?apikey=0c89afe9fb5836a21528a34cf9f39e40 HTTP/1.1" 200 None
2023-02-14 03:45:18,307 - DEBUG - Starting new HTTPS connection (1): financialmodelingprep.com:443
2023-02-14 03:45:18,664 - DEBUG - https://financialmodelingprep.com:443 "GET /api/v3/profile/NVDA?apikey=0c89afe9fb5836a21528a34cf9f39e40 HTTP/1.1" 200 None
2023-02-14 03:45:18,666 - DEBUG - Starting new HTTPS connection (1): financialmodelingprep.com:443
2023-02-14 03:45:19,030 - DEBUG - https://financialmodelingprep.com:443 "GET /api/v3/profile/META?apikey=0c89afe9fb5836a21528a34cf9f39e40 HTTP/1.1" 200 None
2023-02-14 03:45:19,032 - DEBUG - Starting new HTTPS connection (1): financialmodelingprep.com:443
2023-02-14 03:45:19,406 - DEBUG - https://financialmodelingprep.com:443 "GET /api/v3/profile/AVGO?apikey=0c89afe9fb5836a21528a34cf9f39e40 HTTP/1.1" 200 None
2023-02-14 03:45:19,409 - DEBUG - Starting new HTTPS connection (1): financialmodelingprep.com:443
2023-02-14 03:45:19,808 - DEBUG - https://financialmodelingprep.com:443 "GET /api/v3/profile/CSCO?apikey=0c89afe9fb5836a21528a34cf9f39e40 HTTP/1.1" 200 None
2023-02-14 03:45:19,811 - DEBUG - Starting new HTTPS connection (1): financialmodelingprep.com:443
2023-02-14 03:45:20,217 - DEBUG - https://financialmodelingprep.com:443 "GET /api/v3/profile/TMUS?apikey=0c89afe9fb5836a21528a34cf9f39e40 HTTP/1.1" 200 None
2023-02-14 03:45:20,220 - DEBUG - Starting new HTTPS connection (1): financialmodelingprep.com:443
2023-02-14 03:45:20,628 - DEBUG - https://financialmodelingprep.com:443 "GET /api/v3/profile/ADBE?apikey=0c89afe9fb5836a21528a34cf9f39e40 HTTP/1.1" 200 None
2023-02-14 03:45:20,631 - DEBUG - Starting new HTTPS connection (1): financialmodelingprep.com:443
2023-02-14 03:45:21,005 - DEBUG - https://financialmodelingprep.com:443 "GET /api/v3/profile/CMCSA?apikey=0c89afe9fb5836a21528a34cf9f39e40 HTTP/1.1" 200 None
2023-02-14 03:45:21,008 - DEBUG - Starting new HTTPS connection (1): financialmodelingprep.com:443
2023-02-14 03:45:21,390 - DEBUG - https://financialmodelingprep.com:443 "GET /api/v3/profile/TXN?apikey=0c89afe9fb5836a21528a34cf9f39e40 HTTP/1.1" 200 None
2023-02-14 03:45:21,393 - DEBUG - Starting new HTTPS connection (1): financialmodelingprep.com:443
2023-02-14 03:45:21,769 - DEBUG - https://financialmodelingprep.com:443 "GET /api/v3/profile/NFLX?apikey=0c89afe9fb5836a21528a34cf9f39e40 HTTP/1.1" 200 None
2023-02-14 03:45:21,772 - DEBUG - Starting new HTTPS connection (1): financialmodelingprep.com:443
2023-02-14 03:45:22,151 - DEBUG - https://financialmodelingprep.com:443 "GET /api/v3/profile/QCOM?apikey=0c89afe9fb5836a21528a34cf9f39e40 HTTP/1.1" 200 None
2023-02-14 03:45:22,154 - DEBUG - Starting new HTTPS connection (1): financialmodelingprep.com:443
2023-02-14 03:45:22,518 - DEBUG - https://financialmodelingprep.com:443 "GET /api/v3/profile/AMD?apikey=0c89afe9fb5836a21528a34cf9f39e40 HTTP/1.1" 200 None
2023-02-14 03:45:22,521 - DEBUG - Starting new HTTPS connection (1): financialmodelingprep.com:443
2023-02-14 03:45:22,910 - DEBUG - https://financialmodelingprep.com:443 "GET /api/v3/profile/INTC?apikey=0c89afe9fb5836a21528a34cf9f39e40 HTTP/1.1" 200 None
2023-02-14 03:45:22,913 - DEBUG - Starting new HTTPS connection (1): financialmodelingprep.com:443
2023-02-14 03:45:23,275 - DEBUG - https://financialmodelingprep.com:443 "GET /api/v3/profile/INTU?apikey=0c89afe9fb5836a21528a34cf9f39e40 HTTP/1.1" 200 None
2023-02-14 03:45:23,277 - DEBUG - Starting new HTTPS connection (1): financialmodelingprep.com:443
2023-02-14 03:45:23,644 - DEBUG - https://financialmodelingprep.com:443 "GET /api/v3/profile/AMAT?apikey=0c89afe9fb5836a21528a34cf9f39e40 HTTP/1.1" 200 None
2023-02-14 03:45:23,647 - DEBUG - Starting new HTTPS connection (1): financialmodelingprep.com:443
2023-02-14 03:45:24,014 - DEBUG - https://financialmodelingprep.com:443 "GET /api/v3/profile/ADI?apikey=0c89afe9fb5836a21528a34cf9f39e40 HTTP/1.1" 200 None
2023-02-14 03:45:24,017 - DEBUG - Starting new HTTPS connection (1): financialmodelingprep.com:443
2023-02-14 03:45:24,404 - DEBUG - https://financialmodelingprep.com:443 "GET /api/v3/profile/FISV?apikey=0c89afe9fb5836a21528a34cf9f39e40 HTTP/1.1" 200 None
2023-02-14 03:45:24,407 - DEBUG - Starting new HTTPS connection (1): financialmodelingprep.com:443
2023-02-14 03:45:24,795 - DEBUG - https://financialmodelingprep.com:443 "GET /api/v3/profile/LRCX?apikey=0c89afe9fb5836a21528a34cf9f39e40 HTTP/1.1" 200 None
2023-02-14 03:45:24,798 - DEBUG - Starting new HTTPS connection (1): financialmodelingprep.com:443
2023-02-14 03:45:25,168 - DEBUG - https://financialmodelingprep.com:443 "GET /api/v3/profile/MU?apikey=0c89afe9fb5836a21528a34cf9f39e40 HTTP/1.1" 200 None
2023-02-14 03:45:25,171 - DEBUG - Starting new HTTPS connection (1): financialmodelingprep.com:443
2023-02-14 03:45:25,556 - DEBUG - https://financialmodelingprep.com:443 "GET /api/v3/profile/CHTR?apikey=0c89afe9fb5836a21528a34cf9f39e40 HTTP/1.1" 200 None
2023-02-14 03:45:25,559 - DEBUG - Starting new HTTPS connection (1): financialmodelingprep.com:443
2023-02-14 03:45:25,942 - DEBUG - https://financialmodelingprep.com:443 "GET /api/v3/profile/ATVI?apikey=0c89afe9fb5836a21528a34cf9f39e40 HTTP/1.1" 200 None
2023-02-14 03:45:25,944 - DEBUG - Starting new HTTPS connection (1): financialmodelingprep.com:443
2023-02-14 03:45:26,322 - DEBUG - https://financialmodelingprep.com:443 "GET /api/v3/profile/KLAC?apikey=0c89afe9fb5836a21528a34cf9f39e40 HTTP/1.1" 200 None
2023-02-14 03:45:26,324 - DEBUG - Starting new HTTPS connection (1): financialmodelingprep.com:443
2023-02-14 03:45:26,710 - DEBUG - https://financialmodelingprep.com:443 "GET /api/v3/profile/SNPS?apikey=0c89afe9fb5836a21528a34cf9f39e40 HTTP/1.1" 200 None
2023-02-14 03:45:26,713 - DEBUG - Starting new HTTPS connection (1): financialmodelingprep.com:443
2023-02-14 03:45:27,075 - DEBUG - https://financialmodelingprep.com:443 "GET /api/v3/profile/CDNS?apikey=0c89afe9fb5836a21528a34cf9f39e40 HTTP/1.1" 200 None
2023-02-14 03:45:27,078 - DEBUG - Starting new HTTPS connection (1): financialmodelingprep.com:443
2023-02-14 03:45:27,449 - DEBUG - https://financialmodelingprep.com:443 "GET /api/v3/profile/PANW?apikey=0c89afe9fb5836a21528a34cf9f39e40 HTTP/1.1" 200 None
2023-02-14 03:45:27,452 - DEBUG - Starting new HTTPS connection (1): financialmodelingprep.com:443
2023-02-14 03:45:27,820 - DEBUG - https://financialmodelingprep.com:443 "GET /api/v3/profile/WDAY?apikey=0c89afe9fb5836a21528a34cf9f39e40 HTTP/1.1" 200 None
2023-02-14 03:45:27,823 - DEBUG - Starting new HTTPS connection (1): financialmodelingprep.com:443
2023-02-14 03:45:28,188 - DEBUG - https://financialmodelingprep.com:443 "GET /api/v3/profile/ADSK?apikey=0c89afe9fb5836a21528a34cf9f39e40 HTTP/1.1" 200 None
2023-02-14 03:45:28,191 - DEBUG - Starting new HTTPS connection (1): financialmodelingprep.com:443
2023-02-14 03:45:28,571 - DEBUG - https://financialmodelingprep.com:443 "GET /api/v3/profile/FTNT?apikey=0c89afe9fb5836a21528a34cf9f39e40 HTTP/1.1" 200 None
2023-02-14 03:45:28,574 - DEBUG - Starting new HTTPS connection (1): financialmodelingprep.com:443
2023-02-14 03:45:28,937 - DEBUG - https://financialmodelingprep.com:443 "GET /api/v3/profile/MCHP?apikey=0c89afe9fb5836a21528a34cf9f39e40 HTTP/1.1" 200 None
2023-02-14 03:45:28,940 - DEBUG - Starting new HTTPS connection (1): financialmodelingprep.com:443
2023-02-14 03:45:29,286 - DEBUG - https://financialmodelingprep.com:443 "GET /api/v3/profile/MRVL?apikey=0c89afe9fb5836a21528a34cf9f39e40 HTTP/1.1" 200 None
2023-02-14 03:45:29,289 - DEBUG - Starting new HTTPS connection (1): financialmodelingprep.com:443
2023-02-14 03:45:29,677 - DEBUG - https://financialmodelingprep.com:443 "GET /api/v3/profile/ON?apikey=0c89afe9fb5836a21528a34cf9f39e40 HTTP/1.1" 200 None
2023-02-14 03:45:29,679 - DEBUG - Starting new HTTPS connection (1): financialmodelingprep.com:443
2023-02-14 03:45:30,050 - DEBUG - https://financialmodelingprep.com:443 "GET /api/v3/profile/WBD?apikey=0c89afe9fb5836a21528a34cf9f39e40 HTTP/1.1" 200 None
2023-02-14 03:45:30,053 - DEBUG - Starting new HTTPS connection (1): financialmodelingprep.com:443
2023-02-14 03:45:30,409 - DEBUG - https://financialmodelingprep.com:443 "GET /api/v3/profile/GFS?apikey=0c89afe9fb5836a21528a34cf9f39e40 HTTP/1.1" 200 None
2023-02-14 03:45:30,412 - DEBUG - Starting new HTTPS connection (1): financialmodelingprep.com:443
2023-02-14 03:45:30,797 - DEBUG - https://financialmodelingprep.com:443 "GET /api/v3/profile/CTSH?apikey=0c89afe9fb5836a21528a34cf9f39e40 HTTP/1.1" 200 None
2023-02-14 03:45:30,800 - DEBUG - Starting new HTTPS connection (1): financialmodelingprep.com:443
2023-02-14 03:45:31,146 - DEBUG - https://financialmodelingprep.com:443 "GET /api/v3/profile/EA?apikey=0c89afe9fb5836a21528a34cf9f39e40 HTTP/1.1" 200 None
2023-02-14 03:45:31,148 - DEBUG - Starting new HTTPS connection (1): financialmodelingprep.com:443
2023-02-14 03:45:31,517 - DEBUG - https://financialmodelingprep.com:443 "GET /api/v3/profile/ENPH?apikey=0c89afe9fb5836a21528a34cf9f39e40 HTTP/1.1" 200 None
2023-02-14 03:45:31,520 - DEBUG - Starting new HTTPS connection (1): financialmodelingprep.com:443
2023-02-14 03:45:31,908 - DEBUG - https://financialmodelingprep.com:443 "GET /api/v3/profile/CDW?apikey=0c89afe9fb5836a21528a34cf9f39e40 HTTP/1.1" 200 None
2023-02-14 03:45:31,911 - DEBUG - Starting new HTTPS connection (1): financialmodelingprep.com:443
2023-02-14 03:45:32,300 - DEBUG - https://financialmodelingprep.com:443 "GET /api/v3/profile/CRWD?apikey=0c89afe9fb5836a21528a34cf9f39e40 HTTP/1.1" 200 None
2023-02-14 03:45:32,303 - DEBUG - Starting new HTTPS connection (1): financialmodelingprep.com:443
2023-02-14 03:45:32,644 - DEBUG - https://financialmodelingprep.com:443 "GET /api/v3/profile/DDOG?apikey=0c89afe9fb5836a21528a34cf9f39e40 HTTP/1.1" 200 None
2023-02-14 03:45:32,647 - DEBUG - Starting new HTTPS connection (1): financialmodelingprep.com:443
2023-02-14 03:45:32,993 - DEBUG - https://financialmodelingprep.com:443 "GET /api/v3/profile/IIVIP?apikey=0c89afe9fb5836a21528a34cf9f39e40 HTTP/1.1" 200 None
2023-02-14 03:45:32,996 - DEBUG - Starting new HTTPS connection (1): financialmodelingprep.com:443
2023-02-14 03:45:33,339 - DEBUG - https://financialmodelingprep.com:443 "GET /api/v3/profile/TTD?apikey=0c89afe9fb5836a21528a34cf9f39e40 HTTP/1.1" 200 None
2023-02-14 03:45:33,342 - DEBUG - Starting new HTTPS connection (1): financialmodelingprep.com:443
2023-02-14 03:45:33,758 - DEBUG - https://financialmodelingprep.com:443 "GET /api/v3/profile/ANSS?apikey=0c89afe9fb5836a21528a34cf9f39e40 HTTP/1.1" 200 None
2023-02-14 03:45:33,761 - DEBUG - Starting new HTTPS connection (1): financialmodelingprep.com:443
2023-02-14 03:45:34,149 - DEBUG - https://financialmodelingprep.com:443 "GET /api/v3/profile/MPWR?apikey=0c89afe9fb5836a21528a34cf9f39e40 HTTP/1.1" 200 None
2023-02-14 03:45:34,152 - DEBUG - Starting new HTTPS connection (1): financialmodelingprep.com:443
2023-02-14 03:45:34,524 - DEBUG - https://financialmodelingprep.com:443 "GET /api/v3/profile/VRSN?apikey=0c89afe9fb5836a21528a34cf9f39e40 HTTP/1.1" 200 None
2023-02-14 03:45:34,527 - DEBUG - Starting new HTTPS connection (1): financialmodelingprep.com:443
2023-02-14 03:45:34,935 - DEBUG - https://financialmodelingprep.com:443 "GET /api/v3/profile/ZM?apikey=0c89afe9fb5836a21528a34cf9f39e40 HTTP/1.1" 200 None
2023-02-14 03:45:34,938 - DEBUG - Starting new HTTPS connection (1): financialmodelingprep.com:443
2023-02-14 03:45:35,303 - DEBUG - https://financialmodelingprep.com:443 "GET /api/v3/profile/PARAP?apikey=0c89afe9fb5836a21528a34cf9f39e40 HTTP/1.1" 200 None
2023-02-14 03:45:35,305 - DEBUG - Starting new HTTPS connection (1): financialmodelingprep.com:443
2023-02-14 03:45:35,700 - DEBUG - https://financialmodelingprep.com:443 "GET /api/v3/profile/ZS?apikey=0c89afe9fb5836a21528a34cf9f39e40 HTTP/1.1" 200 None
2023-02-14 03:45:35,703 - DEBUG - Starting new HTTPS connection (1): financialmodelingprep.com:443
2023-02-14 03:45:36,104 - DEBUG - https://financialmodelingprep.com:443 "GET /api/v3/profile/SWKS?apikey=0c89afe9fb5836a21528a34cf9f39e40 HTTP/1.1" 200 None
2023-02-14 03:45:36,106 - INFO - Adding yesterday's twitter social sentiment started.
2023-02-14 03:45:36,107 - DEBUG - Starting new HTTPS connection (1): finnhub.io:443
2023-02-14 03:45:36,265 - DEBUG - https://finnhub.io:443 "GET /api/v1/stock/social-sentiment?symbol=AAPL&token=cf5u6baad3i9lmcgmv3gcf5u6baad3i9lmcgmv40&from=2023-02-13&to=2023-02-14 HTTP/1.1" 200 None
2023-02-14 03:45:36,268 - DEBUG - Starting new HTTPS connection (1): finnhub.io:443
2023-02-14 03:45:36,418 - DEBUG - https://finnhub.io:443 "GET /api/v1/stock/social-sentiment?symbol=MSFT&token=cf5u6baad3i9lmcgmv3gcf5u6baad3i9lmcgmv40&from=2023-02-13&to=2023-02-14 HTTP/1.1" 200 None
2023-02-14 03:45:36,420 - CRITICAL - list index out of range
2023-02-14 03:45:36,420 - CRITICAL - Traceback (most recent call last):
  File "c:\Users\Alexandre\GitHub\demo-super-data-explorer\app\app.py", line 32, in app
    final_data = add_yest_soc_sent(added_fte, tickers_list)
  File "c:\Users\Alexandre\GitHub\demo-super-data-explorer\app\modules\extract_data\extract_data_m.py", line 187, in add_yest_soc_sent
    added_fte[i].update(d_list_sentiment[i])
IndexError: list index out of range

2023-02-14 03:47:10,622 - INFO - APP STARTED
2023-02-14 03:47:10,622 - INFO - Stock screener call started.
2023-02-14 03:47:10,624 - DEBUG - Starting new HTTPS connection (1): financialmodelingprep.com:443
2023-02-14 03:47:11,024 - DEBUG - https://financialmodelingprep.com:443 "GET /api/v3/stock-screener?marketCapMoreThan=100000000&isActivelyTrading=true&sector=Technology&country=US&exchange=nasdaq&limit=2&apikey=0c89afe9fb5836a21528a34cf9f39e40 HTTP/1.1" 200 None
2023-02-14 03:47:11,026 - DEBUG - Starting new HTTPS connection (1): financialmodelingprep.com:443
2023-02-14 03:47:11,393 - DEBUG - https://financialmodelingprep.com:443 "GET /api/v3/stock-screener?marketCapMoreThan=100000000&sector=Communication+Services&isActivelyTrading=true&country=US&exchange=nasdaq&limit=2&apikey=0c89afe9fb5836a21528a34cf9f39e40 HTTP/1.1" 200 None
2023-02-14 03:47:11,395 - INFO - Adding full time employees started.
2023-02-14 03:47:11,395 - INFO - Stock screener call started.
2023-02-14 03:47:11,397 - DEBUG - Starting new HTTPS connection (1): financialmodelingprep.com:443
2023-02-14 03:47:11,790 - DEBUG - https://financialmodelingprep.com:443 "GET /api/v3/stock-screener?marketCapMoreThan=100000000&isActivelyTrading=true&sector=Technology&country=US&exchange=nasdaq&limit=5&apikey=0c89afe9fb5836a21528a34cf9f39e40 HTTP/1.1" 200 None
2023-02-14 03:47:11,793 - DEBUG - Starting new HTTPS connection (1): financialmodelingprep.com:443
2023-02-14 03:47:12,169 - DEBUG - https://financialmodelingprep.com:443 "GET /api/v3/stock-screener?marketCapMoreThan=100000000&sector=Communication+Services&isActivelyTrading=true&country=US&exchange=nasdaq&limit=5&apikey=0c89afe9fb5836a21528a34cf9f39e40 HTTP/1.1" 200 None
2023-02-14 03:47:12,172 - DEBUG - Starting new HTTPS connection (1): financialmodelingprep.com:443
2023-02-14 03:47:12,530 - DEBUG - https://financialmodelingprep.com:443 "GET /api/v3/profile/AAPL?apikey=0c89afe9fb5836a21528a34cf9f39e40 HTTP/1.1" 200 None
2023-02-14 03:47:12,532 - DEBUG - Starting new HTTPS connection (1): financialmodelingprep.com:443
2023-02-14 03:47:12,895 - DEBUG - https://financialmodelingprep.com:443 "GET /api/v3/profile/MSFT?apikey=0c89afe9fb5836a21528a34cf9f39e40 HTTP/1.1" 200 None
2023-02-14 03:47:12,898 - DEBUG - Starting new HTTPS connection (1): financialmodelingprep.com:443
2023-02-14 03:47:13,274 - DEBUG - https://financialmodelingprep.com:443 "GET /api/v3/profile/GOOG?apikey=0c89afe9fb5836a21528a34cf9f39e40 HTTP/1.1" 200 None
2023-02-14 03:47:13,277 - DEBUG - Starting new HTTPS connection (1): financialmodelingprep.com:443
2023-02-14 03:47:13,643 - DEBUG - https://financialmodelingprep.com:443 "GET /api/v3/profile/NVDA?apikey=0c89afe9fb5836a21528a34cf9f39e40 HTTP/1.1" 200 None
2023-02-14 03:47:13,645 - DEBUG - Starting new HTTPS connection (1): financialmodelingprep.com:443
2023-02-14 03:47:14,040 - DEBUG - https://financialmodelingprep.com:443 "GET /api/v3/profile/META?apikey=0c89afe9fb5836a21528a34cf9f39e40 HTTP/1.1" 200 None
2023-02-14 03:47:14,041 - INFO - Adding yesterday's twitter social sentiment started.
2023-02-14 03:47:14,043 - DEBUG - Starting new HTTPS connection (1): finnhub.io:443
2023-02-14 03:47:14,452 - DEBUG - https://finnhub.io:443 "GET /api/v1/stock/social-sentiment?symbol=AAPL&token=cf5u6baad3i9lmcgmv3gcf5u6baad3i9lmcgmv40&from=2023-02-13&to=2023-02-14 HTTP/1.1" 200 None
2023-02-14 03:47:14,455 - DEBUG - Starting new HTTPS connection (1): finnhub.io:443
2023-02-14 03:47:14,622 - DEBUG - https://finnhub.io:443 "GET /api/v1/stock/social-sentiment?symbol=MSFT&token=cf5u6baad3i9lmcgmv3gcf5u6baad3i9lmcgmv40&from=2023-02-13&to=2023-02-14 HTTP/1.1" 200 None
2023-02-14 03:47:14,624 - CRITICAL - list index out of range
2023-02-14 03:47:14,624 - CRITICAL - Traceback (most recent call last):
  File "c:\Users\Alexandre\GitHub\demo-super-data-explorer\app\app.py", line 32, in app
    final_data = add_yest_soc_sent(added_fte, tickers_list)
  File "c:\Users\Alexandre\GitHub\demo-super-data-explorer\app\modules\extract_data\extract_data_m.py", line 187, in add_yest_soc_sent
    added_fte[i].update(d_list_sentiment[i])
IndexError: list index out of range

2023-02-14 03:50:43,055 - INFO - APP STARTED
2023-02-14 03:50:43,055 - INFO - Stock screener call started.
2023-02-14 03:50:43,057 - DEBUG - Starting new HTTPS connection (1): financialmodelingprep.com:443
2023-02-14 03:50:43,497 - DEBUG - https://financialmodelingprep.com:443 "GET /api/v3/stock-screener?marketCapMoreThan=100000000&isActivelyTrading=true&sector=Technology&country=US&exchange=nasdaq&limit=2&apikey=0c89afe9fb5836a21528a34cf9f39e40 HTTP/1.1" 200 None
2023-02-14 03:50:43,500 - DEBUG - Starting new HTTPS connection (1): financialmodelingprep.com:443
2023-02-14 03:50:43,886 - DEBUG - https://financialmodelingprep.com:443 "GET /api/v3/stock-screener?marketCapMoreThan=100000000&sector=Communication+Services&isActivelyTrading=true&country=US&exchange=nasdaq&limit=2&apikey=0c89afe9fb5836a21528a34cf9f39e40 HTTP/1.1" 200 None
2023-02-14 03:50:43,887 - INFO - Adding full time employees started.
2023-02-14 03:50:43,888 - INFO - Stock screener call started.
2023-02-14 03:50:43,889 - DEBUG - Starting new HTTPS connection (1): financialmodelingprep.com:443
2023-02-14 03:50:44,275 - DEBUG - https://financialmodelingprep.com:443 "GET /api/v3/stock-screener?marketCapMoreThan=100000000&isActivelyTrading=true&sector=Technology&country=US&exchange=nasdaq&limit=5&apikey=0c89afe9fb5836a21528a34cf9f39e40 HTTP/1.1" 200 None
2023-02-14 03:50:44,278 - DEBUG - Starting new HTTPS connection (1): financialmodelingprep.com:443
2023-02-14 03:50:44,640 - DEBUG - https://financialmodelingprep.com:443 "GET /api/v3/stock-screener?marketCapMoreThan=100000000&sector=Communication+Services&isActivelyTrading=true&country=US&exchange=nasdaq&limit=5&apikey=0c89afe9fb5836a21528a34cf9f39e40 HTTP/1.1" 200 None
2023-02-14 03:50:44,643 - DEBUG - Starting new HTTPS connection (1): financialmodelingprep.com:443
2023-02-14 03:50:45,011 - DEBUG - https://financialmodelingprep.com:443 "GET /api/v3/profile/AAPL?apikey=0c89afe9fb5836a21528a34cf9f39e40 HTTP/1.1" 200 None
2023-02-14 03:50:45,014 - DEBUG - Starting new HTTPS connection (1): financialmodelingprep.com:443
2023-02-14 03:50:45,398 - DEBUG - https://financialmodelingprep.com:443 "GET /api/v3/profile/MSFT?apikey=0c89afe9fb5836a21528a34cf9f39e40 HTTP/1.1" 200 None
2023-02-14 03:50:45,401 - DEBUG - Starting new HTTPS connection (1): financialmodelingprep.com:443
2023-02-14 03:50:45,782 - DEBUG - https://financialmodelingprep.com:443 "GET /api/v3/profile/GOOG?apikey=0c89afe9fb5836a21528a34cf9f39e40 HTTP/1.1" 200 None
2023-02-14 03:50:45,785 - DEBUG - Starting new HTTPS connection (1): financialmodelingprep.com:443
2023-02-14 03:50:46,133 - DEBUG - https://financialmodelingprep.com:443 "GET /api/v3/profile/NVDA?apikey=0c89afe9fb5836a21528a34cf9f39e40 HTTP/1.1" 200 None
2023-02-14 03:50:46,135 - DEBUG - Starting new HTTPS connection (1): financialmodelingprep.com:443
2023-02-14 03:50:46,495 - DEBUG - https://financialmodelingprep.com:443 "GET /api/v3/profile/META?apikey=0c89afe9fb5836a21528a34cf9f39e40 HTTP/1.1" 200 None
2023-02-14 03:50:46,497 - INFO - Adding yesterday's twitter social sentiment started.
2023-02-14 03:50:46,498 - DEBUG - Starting new HTTPS connection (1): finnhub.io:443
2023-02-14 03:50:46,657 - DEBUG - https://finnhub.io:443 "GET /api/v1/stock/social-sentiment?symbol=AAPL&token=cf5u6baad3i9lmcgmv3gcf5u6baad3i9lmcgmv40&from=2023-02-13&to=2023-02-14 HTTP/1.1" 200 None
2023-02-14 03:50:46,659 - DEBUG - Starting new HTTPS connection (1): finnhub.io:443
2023-02-14 03:50:46,808 - DEBUG - https://finnhub.io:443 "GET /api/v1/stock/social-sentiment?symbol=MSFT&token=cf5u6baad3i9lmcgmv3gcf5u6baad3i9lmcgmv40&from=2023-02-13&to=2023-02-14 HTTP/1.1" 200 None
2023-02-14 03:50:46,810 - CRITICAL - list index out of range
2023-02-14 03:50:46,811 - CRITICAL - Traceback (most recent call last):
  File "c:\Users\Alexandre\GitHub\demo-super-data-explorer\app\app.py", line 34, in app
    final_data = add_yest_soc_sent(added_fte, tickers_list)
  File "c:\Users\Alexandre\GitHub\demo-super-data-explorer\app\modules\extract_data\extract_data_m.py", line 191, in add_yest_soc_sent
    added_fte[i].update(d_list_sentiment[i])
IndexError: list index out of range

2023-02-14 03:51:44,918 - INFO - APP STARTED
2023-02-14 03:51:44,918 - INFO - Stock screener call started.
2023-02-14 03:51:44,920 - DEBUG - Starting new HTTPS connection (1): financialmodelingprep.com:443
2023-02-14 03:51:45,332 - DEBUG - https://financialmodelingprep.com:443 "GET /api/v3/stock-screener?marketCapMoreThan=100000000&isActivelyTrading=true&sector=Technology&country=US&exchange=nasdaq&limit=2&apikey=0c89afe9fb5836a21528a34cf9f39e40 HTTP/1.1" 200 None
2023-02-14 03:51:45,335 - DEBUG - Starting new HTTPS connection (1): financialmodelingprep.com:443
2023-02-14 03:51:45,746 - DEBUG - https://financialmodelingprep.com:443 "GET /api/v3/stock-screener?marketCapMoreThan=100000000&sector=Communication+Services&isActivelyTrading=true&country=US&exchange=nasdaq&limit=2&apikey=0c89afe9fb5836a21528a34cf9f39e40 HTTP/1.1" 200 None
2023-02-14 03:51:45,748 - INFO - Adding full time employees started.
2023-02-14 03:51:45,748 - INFO - Stock screener call started.
2023-02-14 03:51:45,750 - DEBUG - Starting new HTTPS connection (1): financialmodelingprep.com:443
2023-02-14 03:51:46,136 - DEBUG - https://financialmodelingprep.com:443 "GET /api/v3/stock-screener?marketCapMoreThan=100000000&isActivelyTrading=true&sector=Technology&country=US&exchange=nasdaq&limit=5&apikey=0c89afe9fb5836a21528a34cf9f39e40 HTTP/1.1" 200 None
2023-02-14 03:51:46,139 - DEBUG - Starting new HTTPS connection (1): financialmodelingprep.com:443
2023-02-14 03:51:46,517 - DEBUG - https://financialmodelingprep.com:443 "GET /api/v3/stock-screener?marketCapMoreThan=100000000&sector=Communication+Services&isActivelyTrading=true&country=US&exchange=nasdaq&limit=5&apikey=0c89afe9fb5836a21528a34cf9f39e40 HTTP/1.1" 200 None
2023-02-14 03:51:46,520 - DEBUG - Starting new HTTPS connection (1): financialmodelingprep.com:443
2023-02-14 03:51:46,908 - DEBUG - https://financialmodelingprep.com:443 "GET /api/v3/profile/AAPL?apikey=0c89afe9fb5836a21528a34cf9f39e40 HTTP/1.1" 200 None
2023-02-14 03:51:46,911 - DEBUG - Starting new HTTPS connection (1): financialmodelingprep.com:443
2023-02-14 03:51:47,358 - DEBUG - https://financialmodelingprep.com:443 "GET /api/v3/profile/MSFT?apikey=0c89afe9fb5836a21528a34cf9f39e40 HTTP/1.1" 200 None
2023-02-14 03:51:47,360 - DEBUG - Starting new HTTPS connection (1): financialmodelingprep.com:443
2023-02-14 03:51:47,721 - DEBUG - https://financialmodelingprep.com:443 "GET /api/v3/profile/GOOG?apikey=0c89afe9fb5836a21528a34cf9f39e40 HTTP/1.1" 200 None
2023-02-14 03:51:47,723 - DEBUG - Starting new HTTPS connection (1): financialmodelingprep.com:443
2023-02-14 03:51:48,064 - DEBUG - https://financialmodelingprep.com:443 "GET /api/v3/profile/NVDA?apikey=0c89afe9fb5836a21528a34cf9f39e40 HTTP/1.1" 200 None
2023-02-14 03:51:48,067 - DEBUG - Starting new HTTPS connection (1): financialmodelingprep.com:443
2023-02-14 03:51:48,442 - DEBUG - https://financialmodelingprep.com:443 "GET /api/v3/profile/META?apikey=0c89afe9fb5836a21528a34cf9f39e40 HTTP/1.1" 200 None
2023-02-14 03:51:48,444 - INFO - Adding yesterday's twitter social sentiment started.
2023-02-14 03:51:48,445 - DEBUG - Starting new HTTPS connection (1): finnhub.io:443
2023-02-14 03:51:48,610 - DEBUG - https://finnhub.io:443 "GET /api/v1/stock/social-sentiment?symbol=AAPL&token=cf5u6baad3i9lmcgmv3gcf5u6baad3i9lmcgmv40&from=2023-02-13&to=2023-02-14 HTTP/1.1" 200 None
2023-02-14 03:51:48,613 - DEBUG - Starting new HTTPS connection (1): finnhub.io:443
2023-02-14 03:51:48,782 - DEBUG - https://finnhub.io:443 "GET /api/v1/stock/social-sentiment?symbol=MSFT&token=cf5u6baad3i9lmcgmv3gcf5u6baad3i9lmcgmv40&from=2023-02-13&to=2023-02-14 HTTP/1.1" 200 None
2023-02-14 03:51:48,784 - INFO - Writing final data to csv...
2023-02-14 03:51:48,788 - INFO - Final data written to final_data.csv.
2023-02-14 03:51:48,788 - INFO - Connecting to database...
2023-02-14 03:51:48,788 - DEBUG - Using proactor: IocpProactor
2023-02-14 03:51:48,851 - INFO - Connection successfull !
2023-02-14 03:51:48,851 - INFO - Uploading data to GCP database...
2023-02-14 03:51:48,943 - DEBUG - Checking C:\Users\Alexandre\Google Drive\Placard docs\lofty-stack-374916-ee732268e4d6.json for explicit credentials as part of auth process...
2023-02-14 03:51:48,972 - DEBUG - ['lofty-stack-374916:europe-west9:postgres']: Entering sleep
2023-02-14 03:51:48,973 - DEBUG - ['lofty-stack-374916:europe-west9:postgres']: Entered connect_info method
2023-02-14 03:51:48,973 - DEBUG - ['lofty-stack-374916:europe-west9:postgres']: Entered _perform_refresh
2023-02-14 03:51:48,974 - DEBUG - ['lofty-stack-374916:europe-west9:postgres']: Creating context
2023-02-14 03:51:48,976 - DEBUG - Making request: POST https://oauth2.googleapis.com/token
2023-02-14 03:51:48,978 - DEBUG - Starting new HTTPS connection (1): oauth2.googleapis.com:443
2023-02-14 03:51:49,018 - DEBUG - https://oauth2.googleapis.com:443 "POST /token HTTP/1.1" 200 None
2023-02-14 03:51:49,019 - DEBUG - ['postgres']: Requesting metadata
2023-02-14 03:51:49,039 - DEBUG - ['postgres']: Requesting ephemeral certificate
2023-02-14 03:51:49,263 - DEBUG - ['lofty-stack-374916:europe-west9:postgres']: Entering sleep
2023-02-14 03:51:49,264 - DEBUG - ['lofty-stack-374916:europe-west9:postgres']: Entered _perform_refresh
2023-02-14 03:51:49,264 - DEBUG - ['lofty-stack-374916:europe-west9:postgres']: Creating context
2023-02-14 03:51:49,264 - DEBUG - ['postgres']: Requesting metadata
2023-02-14 03:51:49,265 - DEBUG - ['postgres']: Requesting ephemeral certificate
2023-02-14 03:51:49,370 - DEBUG - ['lofty-stack-374916:europe-west9:postgres']: Entering sleep
2023-02-14 03:51:49,370 - DEBUG - ['lofty-stack-374916:europe-west9:postgres']: Entered _perform_refresh
2023-02-14 03:51:49,909 - CRITICAL - The truth value of a DataFrame is ambiguous. Use a.empty, a.bool(), a.item(), a.any() or a.all().
2023-02-14 03:51:49,912 - CRITICAL - Traceback (most recent call last):
  File "c:\Users\Alexandre\GitHub\demo-super-data-explorer\app\app.py", line 39, in app
    upload_to_psql(pool)
  File "c:\Users\Alexandre\GitHub\demo-super-data-explorer\app\modules\update_psql\update_psql_m.py", line 67, in upload_to_psql
    if result :
  File "C:\Users\Alexandre\GitHub\demo-super-data-explorer\venv-sde\lib\site-packages\pandas\core\generic.py", line 1527, in __nonzero__
    raise ValueError(
ValueError: The truth value of a DataFrame is ambiguous. Use a.empty, a.bool(), a.item(), a.any() or a.all().

2023-02-14 04:05:06,456 - INFO - APP STARTED
2023-02-14 04:05:06,456 - INFO - Stock screener call started.
2023-02-14 04:05:06,458 - DEBUG - Starting new HTTPS connection (1): financialmodelingprep.com:443
2023-02-14 04:05:06,901 - DEBUG - https://financialmodelingprep.com:443 "GET /api/v3/stock-screener?marketCapMoreThan=100000000&isActivelyTrading=true&sector=Technology&country=US&exchange=nasdaq&limit=2&apikey=0c89afe9fb5836a21528a34cf9f39e40 HTTP/1.1" 200 None
2023-02-14 04:05:06,904 - DEBUG - Starting new HTTPS connection (1): financialmodelingprep.com:443
2023-02-14 04:05:07,300 - DEBUG - https://financialmodelingprep.com:443 "GET /api/v3/stock-screener?marketCapMoreThan=100000000&sector=Communication+Services&isActivelyTrading=true&country=US&exchange=nasdaq&limit=2&apikey=0c89afe9fb5836a21528a34cf9f39e40 HTTP/1.1" 200 None
2023-02-14 04:05:07,302 - INFO - Adding full time employees started.
2023-02-14 04:05:07,302 - CRITICAL - stock_screener_call() missing 1 required positional argument: 'ROW_LIMIT'
2023-02-14 04:05:07,303 - CRITICAL - Traceback (most recent call last):
  File "c:\Users\Alexandre\GitHub\demo-super-data-explorer\app\app.py", line 33, in app
    added_fte = add_fte_call(tickers_list, filtered_screener)
  File "c:\Users\Alexandre\GitHub\demo-super-data-explorer\app\modules\extract_data\extract_data_m.py", line 101, in add_fte_call
    tickers_list, filtered_screener = stock_screener_call()
TypeError: stock_screener_call() missing 1 required positional argument: 'ROW_LIMIT'

2023-02-14 04:06:45,166 - INFO - APP STARTED
2023-02-14 04:06:45,167 - INFO - Stock screener call started.
2023-02-14 04:06:45,169 - DEBUG - Starting new HTTPS connection (1): financialmodelingprep.com:443
2023-02-14 04:06:45,588 - DEBUG - https://financialmodelingprep.com:443 "GET /api/v3/stock-screener?marketCapMoreThan=100000000&isActivelyTrading=true&sector=Technology&country=US&exchange=nasdaq&limit=2&apikey=0c89afe9fb5836a21528a34cf9f39e40 HTTP/1.1" 200 None
2023-02-14 04:06:45,591 - DEBUG - Starting new HTTPS connection (1): financialmodelingprep.com:443
2023-02-14 04:06:45,981 - DEBUG - https://financialmodelingprep.com:443 "GET /api/v3/stock-screener?marketCapMoreThan=100000000&sector=Communication+Services&isActivelyTrading=true&country=US&exchange=nasdaq&limit=2&apikey=0c89afe9fb5836a21528a34cf9f39e40 HTTP/1.1" 200 None
2023-02-14 04:06:45,983 - INFO - Adding full time employees started.
2023-02-14 04:06:45,983 - DEBUG - Starting new HTTPS connection (1): financialmodelingprep.com:443
2023-02-14 04:06:46,345 - DEBUG - https://financialmodelingprep.com:443 "GET /api/v3/profile/AAPL?apikey=0c89afe9fb5836a21528a34cf9f39e40 HTTP/1.1" 200 None
2023-02-14 04:06:46,347 - DEBUG - Starting new HTTPS connection (1): financialmodelingprep.com:443
2023-02-14 04:06:46,707 - DEBUG - https://financialmodelingprep.com:443 "GET /api/v3/profile/MSFT?apikey=0c89afe9fb5836a21528a34cf9f39e40 HTTP/1.1" 200 None
2023-02-14 04:06:46,708 - INFO - Adding yesterday's twitter social sentiment started.
2023-02-14 04:06:46,710 - DEBUG - Starting new HTTPS connection (1): finnhub.io:443
2023-02-14 04:06:46,858 - DEBUG - https://finnhub.io:443 "GET /api/v1/stock/social-sentiment?symbol=AAPL&token=cf5u6baad3i9lmcgmv3gcf5u6baad3i9lmcgmv40&from=2023-02-13&to=2023-02-14 HTTP/1.1" 200 None
2023-02-14 04:06:46,860 - DEBUG - Starting new HTTPS connection (1): finnhub.io:443
2023-02-14 04:06:47,020 - DEBUG - https://finnhub.io:443 "GET /api/v1/stock/social-sentiment?symbol=MSFT&token=cf5u6baad3i9lmcgmv3gcf5u6baad3i9lmcgmv40&from=2023-02-13&to=2023-02-14 HTTP/1.1" 200 None
2023-02-14 04:06:47,022 - INFO - Writing final data to csv...
2023-02-14 04:06:47,026 - INFO - Final data written to final_data.csv.
2023-02-14 04:06:47,027 - INFO - Connecting to database...
2023-02-14 04:06:47,027 - DEBUG - Using proactor: IocpProactor
2023-02-14 04:06:47,075 - INFO - Connection successfull !
2023-02-14 04:06:47,076 - INFO - Uploading data to GCP database...
2023-02-14 04:06:47,187 - DEBUG - Checking C:\Users\Alexandre\Google Drive\Placard docs\lofty-stack-374916-ee732268e4d6.json for explicit credentials as part of auth process...
2023-02-14 04:06:47,217 - DEBUG - ['lofty-stack-374916:europe-west9:postgres']: Entering sleep
2023-02-14 04:06:47,217 - DEBUG - ['lofty-stack-374916:europe-west9:postgres']: Entered connect_info method
2023-02-14 04:06:47,218 - DEBUG - ['lofty-stack-374916:europe-west9:postgres']: Entered _perform_refresh
2023-02-14 04:06:47,218 - DEBUG - ['lofty-stack-374916:europe-west9:postgres']: Creating context
2023-02-14 04:06:47,220 - DEBUG - Making request: POST https://oauth2.googleapis.com/token
2023-02-14 04:06:47,222 - DEBUG - Starting new HTTPS connection (1): oauth2.googleapis.com:443
2023-02-14 04:06:47,270 - DEBUG - https://oauth2.googleapis.com:443 "POST /token HTTP/1.1" 200 None
2023-02-14 04:06:47,271 - DEBUG - ['postgres']: Requesting metadata
2023-02-14 04:06:47,288 - DEBUG - ['postgres']: Requesting ephemeral certificate
2023-02-14 04:06:47,518 - DEBUG - ['lofty-stack-374916:europe-west9:postgres']: Entering sleep
2023-02-14 04:06:47,518 - DEBUG - ['lofty-stack-374916:europe-west9:postgres']: Entered _perform_refresh
2023-02-14 04:06:47,519 - DEBUG - ['lofty-stack-374916:europe-west9:postgres']: Creating context
2023-02-14 04:06:47,519 - DEBUG - ['postgres']: Requesting metadata
2023-02-14 04:06:47,520 - DEBUG - ['postgres']: Requesting ephemeral certificate
2023-02-14 04:06:47,606 - DEBUG - ['lofty-stack-374916:europe-west9:postgres']: Entering sleep
2023-02-14 04:06:47,606 - DEBUG - ['lofty-stack-374916:europe-west9:postgres']: Entered _perform_refresh
2023-02-14 04:06:48,010 - INFO - Data inserted.
2023-02-14 04:06:48,021 - INFO - Dash Plotly dashboard started.
2023-02-14 04:06:48,032 - INFO - Dash is running on http://127.0.0.1:8050/

2023-02-14 04:06:50,922 - INFO - APP STARTED
2023-02-14 04:06:50,922 - INFO - Stock screener call started.
2023-02-14 04:06:50,924 - DEBUG - Starting new HTTPS connection (1): financialmodelingprep.com:443
2023-02-14 04:06:51,340 - DEBUG - https://financialmodelingprep.com:443 "GET /api/v3/stock-screener?marketCapMoreThan=100000000&isActivelyTrading=true&sector=Technology&country=US&exchange=nasdaq&limit=2&apikey=0c89afe9fb5836a21528a34cf9f39e40 HTTP/1.1" 200 None
2023-02-14 04:06:51,343 - DEBUG - Starting new HTTPS connection (1): financialmodelingprep.com:443
2023-02-14 04:06:51,713 - DEBUG - https://financialmodelingprep.com:443 "GET /api/v3/stock-screener?marketCapMoreThan=100000000&sector=Communication+Services&isActivelyTrading=true&country=US&exchange=nasdaq&limit=2&apikey=0c89afe9fb5836a21528a34cf9f39e40 HTTP/1.1" 200 None
2023-02-14 04:06:51,715 - INFO - Adding full time employees started.
2023-02-14 04:06:51,716 - DEBUG - Starting new HTTPS connection (1): financialmodelingprep.com:443
2023-02-14 04:06:52,093 - DEBUG - https://financialmodelingprep.com:443 "GET /api/v3/profile/AAPL?apikey=0c89afe9fb5836a21528a34cf9f39e40 HTTP/1.1" 200 None
2023-02-14 04:06:52,096 - DEBUG - Starting new HTTPS connection (1): financialmodelingprep.com:443
2023-02-14 04:06:52,489 - DEBUG - https://financialmodelingprep.com:443 "GET /api/v3/profile/MSFT?apikey=0c89afe9fb5836a21528a34cf9f39e40 HTTP/1.1" 200 None
2023-02-14 04:06:52,491 - INFO - Adding yesterday's twitter social sentiment started.
2023-02-14 04:06:52,492 - DEBUG - Starting new HTTPS connection (1): finnhub.io:443
2023-02-14 04:06:52,636 - DEBUG - https://finnhub.io:443 "GET /api/v1/stock/social-sentiment?symbol=AAPL&token=cf5u6baad3i9lmcgmv3gcf5u6baad3i9lmcgmv40&from=2023-02-13&to=2023-02-14 HTTP/1.1" 200 None
2023-02-14 04:06:52,640 - DEBUG - Starting new HTTPS connection (1): finnhub.io:443
2023-02-14 04:06:52,792 - DEBUG - https://finnhub.io:443 "GET /api/v1/stock/social-sentiment?symbol=MSFT&token=cf5u6baad3i9lmcgmv3gcf5u6baad3i9lmcgmv40&from=2023-02-13&to=2023-02-14 HTTP/1.1" 200 None
2023-02-14 04:06:52,794 - INFO - Writing final data to csv...
2023-02-14 04:06:52,798 - INFO - Final data written to final_data.csv.
2023-02-14 04:06:52,798 - INFO - Connecting to database...
2023-02-14 04:06:52,798 - DEBUG - Using proactor: IocpProactor
2023-02-14 04:06:52,845 - INFO - Connection successfull !
2023-02-14 04:06:52,845 - INFO - Uploading data to GCP database...
2023-02-14 04:06:52,949 - DEBUG - Checking C:\Users\Alexandre\Google Drive\Placard docs\lofty-stack-374916-ee732268e4d6.json for explicit credentials as part of auth process...
2023-02-14 04:06:52,980 - DEBUG - ['lofty-stack-374916:europe-west9:postgres']: Entering sleep
2023-02-14 04:06:52,980 - DEBUG - ['lofty-stack-374916:europe-west9:postgres']: Entered connect_info method
2023-02-14 04:06:52,980 - DEBUG - ['lofty-stack-374916:europe-west9:postgres']: Entered _perform_refresh
2023-02-14 04:06:52,981 - DEBUG - ['lofty-stack-374916:europe-west9:postgres']: Creating context
2023-02-14 04:06:52,983 - DEBUG - Making request: POST https://oauth2.googleapis.com/token
2023-02-14 04:06:52,985 - DEBUG - Starting new HTTPS connection (1): oauth2.googleapis.com:443
2023-02-14 04:06:53,031 - DEBUG - https://oauth2.googleapis.com:443 "POST /token HTTP/1.1" 200 None
2023-02-14 04:06:53,031 - DEBUG - ['postgres']: Requesting metadata
2023-02-14 04:06:53,049 - DEBUG - ['postgres']: Requesting ephemeral certificate
2023-02-14 04:06:53,282 - DEBUG - ['lofty-stack-374916:europe-west9:postgres']: Entering sleep
2023-02-14 04:06:53,283 - DEBUG - ['lofty-stack-374916:europe-west9:postgres']: Entered _perform_refresh
2023-02-14 04:06:53,283 - DEBUG - ['lofty-stack-374916:europe-west9:postgres']: Creating context
2023-02-14 04:06:53,284 - DEBUG - ['postgres']: Requesting metadata
2023-02-14 04:06:53,284 - DEBUG - ['postgres']: Requesting ephemeral certificate
2023-02-14 04:06:53,390 - DEBUG - ['lofty-stack-374916:europe-west9:postgres']: Entering sleep
2023-02-14 04:06:53,391 - DEBUG - ['lofty-stack-374916:europe-west9:postgres']: Entered _perform_refresh
2023-02-14 04:06:53,761 - INFO - Data inserted.
2023-02-14 04:06:53,772 - INFO - Dash Plotly dashboard started.
2023-02-14 04:07:17,222 - DEBUG - ['lofty-stack-374916:europe-west9:postgres']: Creating context
2023-02-14 04:07:17,222 - DEBUG - ['postgres']: Requesting metadata
2023-02-14 04:07:17,223 - DEBUG - ['postgres']: Requesting ephemeral certificate
2023-02-14 04:07:17,415 - DEBUG - ['lofty-stack-374916:europe-west9:postgres']: Entering sleep
2023-02-14 04:07:17,416 - DEBUG - ['lofty-stack-374916:europe-west9:postgres']: Entered _perform_refresh
2023-02-14 04:07:22,969 - DEBUG - ['lofty-stack-374916:europe-west9:postgres']: Creating context
2023-02-14 04:07:22,969 - DEBUG - ['postgres']: Requesting metadata
2023-02-14 04:07:22,970 - DEBUG - ['postgres']: Requesting ephemeral certificate
2023-02-14 04:07:23,164 - DEBUG - ['lofty-stack-374916:europe-west9:postgres']: Entering sleep
2023-02-14 04:07:23,164 - DEBUG - ['lofty-stack-374916:europe-west9:postgres']: Entered _perform_refresh
2023-02-14 04:07:47,231 - DEBUG - ['lofty-stack-374916:europe-west9:postgres']: Creating context
2023-02-14 04:07:47,231 - DEBUG - ['postgres']: Requesting metadata
2023-02-14 04:07:47,232 - DEBUG - ['postgres']: Requesting ephemeral certificate
2023-02-14 04:07:47,423 - DEBUG - ['lofty-stack-374916:europe-west9:postgres']: Entering sleep
2023-02-14 04:07:47,423 - DEBUG - ['lofty-stack-374916:europe-west9:postgres']: Entered _perform_refresh
2023-02-14 04:07:52,969 - DEBUG - ['lofty-stack-374916:europe-west9:postgres']: Creating context
2023-02-14 04:07:52,969 - DEBUG - ['postgres']: Requesting metadata
2023-02-14 04:07:52,970 - DEBUG - ['postgres']: Requesting ephemeral certificate
2023-02-14 04:07:53,169 - DEBUG - ['lofty-stack-374916:europe-west9:postgres']: Entering sleep
2023-02-14 04:07:53,170 - DEBUG - ['lofty-stack-374916:europe-west9:postgres']: Entered _perform_refresh
2023-02-14 04:08:17,226 - DEBUG - ['lofty-stack-374916:europe-west9:postgres']: Creating context
2023-02-14 04:08:17,226 - DEBUG - ['postgres']: Requesting metadata
2023-02-14 04:08:17,227 - DEBUG - ['postgres']: Requesting ephemeral certificate
2023-02-14 04:08:17,467 - DEBUG - ['lofty-stack-374916:europe-west9:postgres']: Entering sleep
2023-02-14 04:08:17,468 - DEBUG - ['lofty-stack-374916:europe-west9:postgres']: Entered _perform_refresh
2023-02-14 04:08:22,972 - DEBUG - ['lofty-stack-374916:europe-west9:postgres']: Creating context
2023-02-14 04:08:22,972 - DEBUG - ['postgres']: Requesting metadata
2023-02-14 04:08:22,973 - DEBUG - ['postgres']: Requesting ephemeral certificate
2023-02-14 04:08:23,063 - DEBUG - ['lofty-stack-374916:europe-west9:postgres']: Entering sleep
2023-02-14 04:08:23,064 - DEBUG - ['lofty-stack-374916:europe-west9:postgres']: Entered _perform_refresh
2023-02-14 04:08:47,224 - DEBUG - ['lofty-stack-374916:europe-west9:postgres']: Creating context
2023-02-14 04:08:47,224 - DEBUG - ['postgres']: Requesting metadata
2023-02-14 04:08:47,225 - DEBUG - ['postgres']: Requesting ephemeral certificate
2023-02-14 04:08:47,487 - DEBUG - ['lofty-stack-374916:europe-west9:postgres']: Entering sleep
2023-02-14 04:08:47,487 - DEBUG - ['lofty-stack-374916:europe-west9:postgres']: Entered _perform_refresh
2023-02-14 04:08:52,973 - DEBUG - ['lofty-stack-374916:europe-west9:postgres']: Creating context
2023-02-14 04:08:52,973 - DEBUG - ['postgres']: Requesting metadata
2023-02-14 04:08:52,974 - DEBUG - ['postgres']: Requesting ephemeral certificate
2023-02-14 04:08:53,170 - DEBUG - ['lofty-stack-374916:europe-west9:postgres']: Entering sleep
2023-02-14 04:08:53,171 - DEBUG - ['lofty-stack-374916:europe-west9:postgres']: Entered _perform_refresh
2023-02-14 04:09:17,226 - DEBUG - ['lofty-stack-374916:europe-west9:postgres']: Creating context
2023-02-14 04:09:17,226 - DEBUG - ['postgres']: Requesting metadata
2023-02-14 04:09:17,227 - DEBUG - ['postgres']: Requesting ephemeral certificate
2023-02-14 04:09:17,329 - DEBUG - ['lofty-stack-374916:europe-west9:postgres']: Entering sleep
2023-02-14 04:09:17,330 - DEBUG - ['lofty-stack-374916:europe-west9:postgres']: Entered _perform_refresh
2023-02-14 04:09:22,973 - DEBUG - ['lofty-stack-374916:europe-west9:postgres']: Creating context
2023-02-14 04:09:22,973 - DEBUG - ['postgres']: Requesting metadata
2023-02-14 04:09:22,974 - DEBUG - ['postgres']: Requesting ephemeral certificate
2023-02-14 04:09:23,191 - DEBUG - ['lofty-stack-374916:europe-west9:postgres']: Entering sleep
2023-02-14 04:09:23,192 - DEBUG - ['lofty-stack-374916:europe-west9:postgres']: Entered _perform_refresh
2023-02-14 04:09:39,479 - INFO - APP STARTED
2023-02-14 04:09:39,479 - INFO - Stock screener call started.
2023-02-14 04:09:40,314 - INFO - Adding full time employees started.
2023-02-14 04:09:41,052 - INFO - Adding yesterday's twitter social sentiment started.
2023-02-14 04:09:41,385 - INFO - Writing final data to csv...
2023-02-14 04:09:41,389 - INFO - Final data written to final_data.csv.
2023-02-14 04:09:41,389 - INFO - Connecting to database...
2023-02-14 04:09:41,437 - INFO - Connection successfull !
2023-02-14 04:09:41,437 - INFO - Uploading data to GCP database...
2023-02-14 04:09:42,240 - INFO - Data inserted.
2023-02-14 04:09:42,251 - INFO - Dash Plotly dashboard started.
2023-02-14 04:09:47,222 - DEBUG - ['lofty-stack-374916:europe-west9:postgres']: Creating context
2023-02-14 04:09:47,222 - DEBUG - ['postgres']: Requesting metadata
2023-02-14 04:09:47,223 - DEBUG - ['postgres']: Requesting ephemeral certificate
2023-02-14 04:09:47,315 - DEBUG - ['lofty-stack-374916:europe-west9:postgres']: Entering sleep
2023-02-14 04:09:47,316 - DEBUG - ['lofty-stack-374916:europe-west9:postgres']: Entered _perform_refresh
2023-02-14 04:10:08,351 - INFO - APP STARTED
2023-02-14 04:10:08,352 - INFO - Stock screener call started.
2023-02-14 04:10:09,145 - INFO - Adding full time employees started.
2023-02-14 04:10:11,049 - INFO - Adding yesterday's twitter social sentiment started.
2023-02-14 04:10:11,823 - INFO - Writing final data to csv...
2023-02-14 04:10:11,827 - INFO - Final data written to final_data.csv.
2023-02-14 04:10:11,827 - INFO - Connecting to database...
2023-02-14 04:10:11,878 - INFO - Connection successfull !
2023-02-14 04:10:11,879 - INFO - Uploading data to GCP database...
2023-02-14 04:10:13,018 - INFO - Data inserted.
2023-02-14 04:10:13,031 - INFO - Dash Plotly dashboard started.
2023-02-14 04:10:17,226 - DEBUG - ['lofty-stack-374916:europe-west9:postgres']: Creating context
2023-02-14 04:10:17,226 - DEBUG - ['postgres']: Requesting metadata
2023-02-14 04:10:17,227 - DEBUG - ['postgres']: Requesting ephemeral certificate
2023-02-14 04:10:17,418 - DEBUG - ['lofty-stack-374916:europe-west9:postgres']: Entering sleep
2023-02-14 04:10:17,419 - DEBUG - ['lofty-stack-374916:europe-west9:postgres']: Entered _perform_refresh
2023-02-14 04:10:47,222 - DEBUG - ['lofty-stack-374916:europe-west9:postgres']: Creating context
2023-02-14 04:10:47,222 - DEBUG - ['postgres']: Requesting metadata
2023-02-14 04:10:47,222 - DEBUG - ['postgres']: Requesting ephemeral certificate
2023-02-14 04:10:47,449 - DEBUG - ['lofty-stack-374916:europe-west9:postgres']: Entering sleep
2023-02-14 04:10:47,450 - DEBUG - ['lofty-stack-374916:europe-west9:postgres']: Entered _perform_refresh
2023-02-14 04:10:51,206 - INFO - APP STARTED
2023-02-14 04:10:51,206 - INFO - Stock screener call started.
2023-02-14 04:10:52,077 - INFO - Adding full time employees started.
2023-02-14 04:10:55,759 - INFO - Adding yesterday's twitter social sentiment started.
2023-02-14 04:10:57,277 - INFO - Writing final data to csv...
2023-02-14 04:10:57,281 - INFO - Final data written to final_data.csv.
2023-02-14 04:10:57,281 - INFO - Connecting to database...
2023-02-14 04:10:57,329 - INFO - Connection successfull !
2023-02-14 04:10:57,330 - INFO - Uploading data to GCP database...
2023-02-14 04:10:58,241 - INFO - Data inserted.
2023-02-14 04:10:58,253 - INFO - Dash Plotly dashboard started.
2023-02-14 04:11:17,234 - DEBUG - ['lofty-stack-374916:europe-west9:postgres']: Creating context
2023-02-14 04:11:17,235 - DEBUG - ['postgres']: Requesting metadata
2023-02-14 04:11:17,236 - DEBUG - ['postgres']: Requesting ephemeral certificate
2023-02-14 04:11:17,425 - DEBUG - ['lofty-stack-374916:europe-west9:postgres']: Entering sleep
2023-02-14 04:11:17,425 - DEBUG - ['lofty-stack-374916:europe-west9:postgres']: Entered _perform_refresh
2023-02-14 04:11:47,233 - DEBUG - ['lofty-stack-374916:europe-west9:postgres']: Creating context
2023-02-14 04:11:47,233 - DEBUG - ['postgres']: Requesting metadata
2023-02-14 04:11:47,233 - DEBUG - ['postgres']: Requesting ephemeral certificate
2023-02-14 04:11:47,346 - DEBUG - ['lofty-stack-374916:europe-west9:postgres']: Entering sleep
2023-02-14 04:11:47,346 - DEBUG - ['lofty-stack-374916:europe-west9:postgres']: Entered _perform_refresh
2023-02-14 04:12:17,227 - DEBUG - ['lofty-stack-374916:europe-west9:postgres']: Creating context
2023-02-14 04:12:17,227 - DEBUG - ['postgres']: Requesting metadata
2023-02-14 04:12:17,228 - DEBUG - ['postgres']: Requesting ephemeral certificate
2023-02-14 04:12:17,430 - DEBUG - ['lofty-stack-374916:europe-west9:postgres']: Entering sleep
2023-02-14 04:12:17,431 - DEBUG - ['lofty-stack-374916:europe-west9:postgres']: Entered _perform_refresh
2023-02-14 04:12:47,230 - DEBUG - ['lofty-stack-374916:europe-west9:postgres']: Creating context
2023-02-14 04:12:47,230 - DEBUG - ['postgres']: Requesting metadata
2023-02-14 04:12:47,231 - DEBUG - ['postgres']: Requesting ephemeral certificate
2023-02-14 04:12:47,436 - DEBUG - ['lofty-stack-374916:europe-west9:postgres']: Entering sleep
2023-02-14 04:12:47,437 - DEBUG - ['lofty-stack-374916:europe-west9:postgres']: Entered _perform_refresh
2023-02-14 04:13:17,222 - DEBUG - ['lofty-stack-374916:europe-west9:postgres']: Creating context
2023-02-14 04:13:17,222 - DEBUG - ['postgres']: Requesting metadata
2023-02-14 04:13:17,223 - DEBUG - ['postgres']: Requesting ephemeral certificate
2023-02-14 04:13:17,433 - DEBUG - ['lofty-stack-374916:europe-west9:postgres']: Entering sleep
2023-02-14 04:13:17,434 - DEBUG - ['lofty-stack-374916:europe-west9:postgres']: Entered _perform_refresh
2023-02-14 04:13:47,222 - DEBUG - ['lofty-stack-374916:europe-west9:postgres']: Creating context
2023-02-14 04:13:47,222 - DEBUG - ['postgres']: Requesting metadata
2023-02-14 04:13:47,223 - DEBUG - ['postgres']: Requesting ephemeral certificate
2023-02-14 04:13:47,420 - DEBUG - ['lofty-stack-374916:europe-west9:postgres']: Entering sleep
2023-02-14 04:13:47,421 - DEBUG - ['lofty-stack-374916:europe-west9:postgres']: Entered _perform_refresh
2023-02-14 04:14:17,224 - DEBUG - ['lofty-stack-374916:europe-west9:postgres']: Creating context
2023-02-14 04:14:17,224 - DEBUG - ['postgres']: Requesting metadata
2023-02-14 04:14:17,225 - DEBUG - ['postgres']: Requesting ephemeral certificate
2023-02-14 04:14:17,412 - DEBUG - ['lofty-stack-374916:europe-west9:postgres']: Entering sleep
2023-02-14 04:14:17,412 - DEBUG - ['lofty-stack-374916:europe-west9:postgres']: Entered _perform_refresh
2023-02-14 04:14:19,228 - INFO - APP STARTED
2023-02-14 04:14:19,228 - INFO - Stock screener call started.
2023-02-14 04:14:20,093 - INFO - Adding full time employees started.
2023-02-14 04:14:23,849 - INFO - Adding yesterday's twitter social sentiment started.
2023-02-14 04:14:25,382 - INFO - Writing final data to csv...
2023-02-14 04:14:25,386 - INFO - Final data written to final_data.csv.
2023-02-14 04:14:25,387 - INFO - Connecting to database...
2023-02-14 04:14:25,434 - INFO - Connection successfull !
2023-02-14 04:14:25,435 - INFO - Uploading data to GCP database...
2023-02-14 04:14:26,467 - INFO - Data inserted.
2023-02-14 04:14:26,482 - INFO - Dash Plotly dashboard started.
2023-02-14 04:14:40,038 - INFO - APP STARTED
2023-02-14 04:14:40,039 - INFO - Stock screener call started.
2023-02-14 04:14:40,839 - INFO - Adding full time employees started.
2023-02-14 04:14:44,694 - INFO - Adding yesterday's twitter social sentiment started.
2023-02-17 16:24:13,065 - INFO - APP STARTED
2023-02-17 16:24:13,066 - INFO - Stock screener call started.
2023-02-17 16:24:13,987 - INFO - Adding full time employees started.
2023-02-17 16:24:15,552 - INFO - Adding yesterday's twitter social sentiment started.
2023-02-17 16:24:16,244 - INFO - Writing final data to csv...
2023-02-17 16:24:16,249 - INFO - Final data written to final_data.csv.
2023-02-17 16:24:16,249 - INFO - Connecting to database...
2023-02-17 16:24:16,308 - INFO - Connection successfull!
2023-02-17 16:24:16,308 - INFO - Uploading data to GCP database...
2023-02-17 16:24:17,257 - INFO - Data inserted.
2023-02-17 16:24:17,274 - INFO - Closing connection to database...
2023-02-17 16:24:17,275 - INFO - Connection closed.
2023-02-17 16:24:17,276 - INFO - Dash Plotly dashboard started.
2023-02-17 16:24:17,290 - INFO - Dash is running on http://127.0.0.1:8050/

2023-02-17 16:24:20,369 - INFO - APP STARTED
2023-02-17 16:24:20,369 - INFO - Stock screener call started.
2023-02-17 16:24:21,204 - INFO - Adding full time employees started.
2023-02-17 16:24:22,786 - INFO - Adding yesterday's twitter social sentiment started.
2023-02-17 16:24:23,475 - INFO - Writing final data to csv...
2023-02-17 16:24:23,479 - INFO - Final data written to final_data.csv.
2023-02-17 16:24:23,479 - INFO - Connecting to database...
2023-02-17 16:24:23,526 - INFO - Connection successfull!
2023-02-17 16:24:23,527 - INFO - Uploading data to GCP database...
2023-02-17 16:24:24,317 - INFO - Data inserted.
2023-02-17 16:24:24,328 - INFO - Closing connection to database...
2023-02-17 16:24:24,329 - INFO - Connection closed.
2023-02-17 16:24:24,330 - INFO - Dash Plotly dashboard started.
2023-02-17 19:38:54,534 - INFO - APP STARTED
2023-02-17 19:38:54,535 - INFO - Stock screener call started.
2023-02-17 19:38:55,310 - INFO - Adding full time employees started.
2023-02-17 19:38:57,731 - INFO - Adding yesterday's twitter social sentiment started.
2023-02-17 19:38:58,378 - INFO - Writing final data to csv...
2023-02-17 19:38:58,383 - INFO - Final data written to final_data.csv.
2023-02-17 19:38:58,383 - INFO - Connecting to database...
2023-02-17 19:38:58,439 - INFO - Connection successfull!
2023-02-17 19:38:58,440 - INFO - Uploading data to GCP database...
2023-02-17 19:38:59,287 - INFO - Data inserted.
2023-02-17 19:38:59,298 - INFO - Closing connection to database...
2023-02-17 19:38:59,300 - INFO - Connection closed.
2023-02-17 19:38:59,300 - INFO - Dash Plotly dashboard started.
2023-02-17 19:38:59,312 - INFO - Dash is running on http://127.0.0.1:8050/

2023-02-17 19:39:02,597 - INFO - APP STARTED
2023-02-17 19:39:02,598 - INFO - Stock screener call started.
2023-02-17 19:39:03,427 - INFO - Adding full time employees started.
2023-02-17 19:39:05,228 - INFO - Adding yesterday's twitter social sentiment started.
2023-02-17 19:39:06,891 - INFO - Writing final data to csv...
2023-02-17 19:39:06,895 - INFO - Final data written to final_data.csv.
2023-02-17 19:39:06,895 - INFO - Connecting to database...
2023-02-17 19:39:06,949 - INFO - Connection successfull!
2023-02-17 19:39:06,949 - INFO - Uploading data to GCP database...
2023-02-17 19:39:07,879 - INFO - Data inserted.
2023-02-17 19:39:07,891 - INFO - Closing connection to database...
2023-02-17 19:39:07,893 - INFO - Connection closed.
2023-02-17 19:39:07,893 - INFO - Dash Plotly dashboard started.
2023-02-17 19:40:05,315 - INFO - APP STARTED
2023-02-17 19:40:05,316 - INFO - Stock screener call started.
2023-02-17 19:40:06,173 - INFO - Adding full time employees started.
2023-02-17 19:40:07,925 - INFO - Adding yesterday's twitter social sentiment started.
2023-02-17 19:40:09,525 - INFO - Writing final data to csv...
2023-02-17 19:40:09,531 - INFO - Final data written to final_data.csv.
2023-02-17 19:40:09,532 - INFO - Connecting to database...
2023-02-17 19:40:09,591 - INFO - Connection successfull!
2023-02-17 19:40:09,591 - INFO - Uploading data to GCP database...
2023-02-17 19:40:10,445 - INFO - Data inserted.
2023-02-17 19:40:10,456 - INFO - Closing connection to database...
2023-02-17 19:40:10,458 - INFO - Connection closed.
2023-02-17 19:40:10,458 - INFO - Dash Plotly dashboard started.
2023-02-17 19:47:38,798 - INFO - APP STARTED
2023-02-17 19:47:38,798 - INFO - Stock screener call started.
2023-02-17 19:47:39,647 - INFO - Adding full time employees started.
2023-02-17 19:47:41,121 - INFO - Adding yesterday's twitter social sentiment started.
2023-02-17 19:47:41,816 - INFO - Writing final data to csv...
2023-02-17 19:47:41,821 - INFO - Final data written to final_data.csv.
2023-02-17 19:47:41,822 - INFO - Connecting to database...
2023-02-17 19:47:41,890 - INFO - Connection successfull!
2023-02-17 19:47:41,891 - INFO - Uploading data to GCP database...
2023-02-17 19:47:42,768 - INFO - Data inserted.
2023-02-17 19:47:42,782 - INFO - Closing connection to database...
2023-02-17 19:47:42,784 - INFO - Connection closed.
2023-02-17 19:47:42,785 - INFO - Dash Plotly dashboard started.
2023-02-18 01:12:23,362 - INFO - APP STARTED
2023-02-18 01:12:23,362 - INFO - Stock screener call started.
2023-02-18 01:16:48,398 - INFO - APP STARTED
2023-02-18 01:16:48,398 - INFO - Stock screener call started.
2023-02-18 01:19:50,029 - INFO - APP STARTED
2023-02-18 01:19:50,029 - INFO - Stock screener call started.
2023-02-18 01:19:50,838 - INFO - Adding full time employees started.
2023-02-18 01:24:13,414 - INFO - APP STARTED
2023-02-18 01:24:13,414 - INFO - Stock screener call started.
2023-02-18 01:24:14,346 - INFO - Adding full time employees started.
2023-02-18 03:04:46,634 - INFO - APP STARTED
2023-02-18 03:04:46,634 - INFO - Stock screener call started.
